 \t\t\r\n on np++ extended replace
21:40:53,444 , 7F0760C8		
21:40:55,382 , 2328		
21:40:57,255 , 7F0760C8		
21:40:59,195 , ACC9A1F6		
21:41:00,192 , 7F0760C8		
21:41:02,067 , 7F0760C8		
21:41:04,007 , FB1EB07D		
21:41:04,506 , 7F0760C8		
21:41:05,817 , C0BBB7A1		
21:41:07,693 , 7F0760C8		
21:41:09,630 , 7F0760C8		
21:41:11,508 , 84B8B6D2		
21:41:12,506 , 7F0760C8		
21:41:14,443 , 7F0760C8		
21:41:16,256 , 21A24D1D		
21:41:18,130 , 911A96B2		
21:41:20,067 , 7F0760C8		
21:41:21,944 , 7F0760C8		
21:41:23,883 , 7F0760C8		
21:41:25,755 , 7F0760C8		
21:41:27,694 , 6E56F924		
21:41:29,442 , 7F0760C8		
21:41:30,444 , 7F0760C8		
21:41:31,506 , 7F0760C8		
21:41:33,381 , 7F0760C8		
21:41:35,255 , 59DEFC81		
21:41:35,567 , 7F0760C8		
21:41:37,193 , CB8997D2		
21:41:39,068 , 3117E0E3		
21:41:40,880 , 7F0760C8		
21:41:42,819 , 7F0760C8		
21:41:44,694 , CC27B368		
21:41:46,632 , 7F0760C8		
21:41:48,506 , 7F0760C8		
21:41:50,442 , 7F0760C8		
21:41:52,195 , 7F0760C8		
21:41:54,130 , 7F0760C8		
21:41:56,006 , 7F0760C8		
21:41:57,942 , AE96A01		
21:41:59,818 , E8AB488D		
21:42:00,819 , 7F0760C8		
21:42:02,755 , 7F0760C8		
21:42:04,569 , 7F0760C8		
21:42:06,442 , 537AA371		
21:42:06,632 , 7F0760C8		
21:42:08,380 , 7F0760C8		
21:42:10,255 , 1AF66ED5		
21:42:12,068 , 7F0760C8		
21:42:13,068 , 7F0760C8		
21:42:14,068 , E7A7873B		
21:42:15,942 , 7F0760C8		
21:42:17,882 , 7F0760C8		
21:42:19,756 , 7F0760C8		
21:42:21,693 , 3117E0E3		
21:42:23,567 , 7F0760C8		
21:42:25,506 , 7F0760C8		
21:42:27,256 , 7F0760C8		
21:42:29,194 , 7F0760C8		
21:42:31,067 , 7F0760C8		
21:42:33,005 , BF555DAE		
21:42:34,880 , 7F0760C8		
21:42:36,818 , 35F2CD0C		
21:42:37,820 , 7F0760C8		
21:42:40,507 , 7F0760C8		
21:42:42,380 , 7F0760C8		
21:42:43,442 , 7F0760C8		
21:42:45,320 , 200042C7		
21:42:47,193 , 7F0760C8		
21:42:49,131 , 7F0760C8		
21:42:51,006 , 7F0760C8		
21:42:52,007 , ADDA7532		
21:42:53,944 , 7F0760C8		
21:42:55,756 , 7F0760C8		
21:42:57,631 , 7F0760C8		
21:42:59,569 , 2328		
21:43:00,569 , 7F0760C8		
21:43:02,442 , 7F0760C8		
21:43:04,380 , DDC9D7C		
21:43:06,256 , 2A439CA4		
21:43:08,193 , EB7B5A32		
21:43:08,879 , 7F0760C8		
21:43:09,944 , 138E6AA7		
21:43:11,880 , 2328		
21:43:13,756 , 7F0760C8		
21:43:15,695 , 7F0760C8		
21:43:16,695 , 7F0760C8		
21:43:18,568 , C4CB5A36		
21:43:20,381 , 7F0760C8		
21:43:22,318 , F3AFDAF2		
21:43:24,192 , 7F0760C8		
21:43:25,193 , CC27B368		
21:43:27,130 , 958A1AEF		
21:43:29,006 , 7F0760C8		
21:43:30,942 , 7F0760C8		
21:43:32,756 , 7F0760C8		
21:43:34,631 , 4AB0F7B7		
21:43:36,508 , A416FCB7		
21:43:37,568 , 2328		
21:43:39,445 , 8DCDAE60		
21:43:41,255 , 7F0760C8		
21:43:42,255 , 7F0760C8		
21:43:44,196 , 7F0760C8		
21:43:46,068 , 7F0760C8		
21:43:47,943 , 7F0760C8		
21:43:49,756 , AB925150		
21:43:51,069 , FC2006C5		
21:43:51,692 , 7F0760C8		
21:43:53,567 , 7F0760C8		
21:43:55,505 , 7F0760C8		
21:43:57,379 , 2328		
21:43:59,319 , 7F0760C8		
21:44:01,194 , 7F0760C8		
21:44:03,006 , 7F0760C8		
21:44:04,944 , 7F0760C8		
21:44:05,942 , 7F0760C8		
21:44:07,819 , DDC9D7C		
21:44:09,756 , 7F0760C8		
21:44:11,631 , 2328		
21:44:13,570 , 7F0760C8		
21:44:15,319 , 7F0760C8		
21:44:17,255 , 7F0760C8		
21:44:19,131 , 73143D49		
21:44:20,192 , 7F0760C8		
21:44:22,068 , 2328		
21:44:23,942 , 7F0760C8		
21:44:25,880 , 7F0760C8		
21:44:27,695 , 7F0760C8		
21:44:29,570 , 7F0760C8		
21:44:31,505 , FFAF5957		
21:44:33,381 , 7F0760C8		
21:44:34,382 , 7F0760C8		
21:44:36,192 , 7F0760C8		
21:44:38,131 , 7F0760C8		
21:44:40,008 , 7F0760C8		
21:44:41,880 , 7F0760C8		
21:44:43,818 , CAF01584		
21:44:45,756 , 7F0760C8		
21:44:47,631 , D9EC91CC		
21:44:49,568 , FDFDE523		
21:44:51,320 , 7F0760C8		
21:44:52,317 , F4814689		
21:44:53,256 , C7F845F0		
21:44:54,259 , 2328		
21:44:56,132 , 7F0760C8		
21:44:58,067 , 57078AC4		
21:44:59,944 , D63F5E92		
21:45:01,756 , 7F0760C8		
21:45:03,693 , BCF553B0		
21:45:05,568 , 7F0760C8		
21:45:07,506 , 7F0760C8		
21:45:09,381 , 7F0760C8		
21:45:11,319 , 7F0760C8		
21:45:13,193 , A582222C		
21:45:15,007 , E8AB488D		
21:45:16,007 , 7F0760C8		
21:45:17,883 , DDC9D7C		
21:45:19,818 , 7F0760C8		
21:45:21,695 , 7F0760C8		
21:45:23,630 , AA689932		
21:45:24,317 , 7F0760C8		
21:45:25,506 , 7F0760C8		
21:45:27,318 , 7F0760C8		
21:45:29,258 , 84B8B6D2		
21:45:30,256 , 7F0760C8		
21:45:32,132 , C0E88D5F		
21:45:34,070 , 7F0760C8		
21:45:35,945 , A413B335		
21:45:37,881 , 7F0760C8		
21:45:39,693 , 7F0760C8		
21:45:41,567 , 6FB6C56C		
21:45:43,446 , 7F0760C8		
21:45:44,506 , 7F0760C8		
21:45:46,380 , 8DCDAE60		
21:45:48,194 , 7F0760C8		
21:45:49,194 , 7F0760C8		
21:45:50,197 , 7F0760C8		
21:45:52,070 , C7529759		
21:45:54,006 , 9D9152CA		
21:45:55,382 , 49559F14		
21:45:55,881 , 7F0760C8		
21:45:57,818 , 7F0760C8		
21:45:58,819 , 2328		
21:46:00,695 , 7F0760C8		
21:46:02,505 , DDC9D7C		
21:46:04,443 , 7F0760C8		
21:46:06,318 , 7F0760C8		
21:46:08,255 , 9B770B16		
21:46:10,132 , 7F0760C8		
21:46:11,130 , 40BE92CF		
21:46:13,069 , 7F0760C8		
21:46:14,944 , 4D51BA56		
21:46:16,757 , 7F0760C8		
21:46:17,757 , 7F0760C8		
21:46:19,630 , 2328		
21:46:21,568 , 48E3E77B		
21:46:23,443 , DDC9D7C		
21:46:25,382 , 65FF7331		
21:46:26,442 , 7BF05EEA		
21:46:27,256 , 3187DC4D		
21:46:29,194 , 7F0760C8		
21:46:31,006 , 7F0760C8		
21:46:33,881 , 7F0760C8		
21:46:34,880 , 7F0760C8		
21:46:36,819 , 911A96B2		
21:46:38,695 , 7F0760C8		
21:46:40,505 , 3BC3A913		
21:46:42,380 , 7F0760C8		
21:46:44,319 , E0F121B6		
21:46:45,317 , A6A37E0E		
21:46:47,194 , 7F0760C8		
21:46:49,132 , 7F0760C8		
21:46:51,006 , 18A4AFDB		
21:46:52,944 , C715BDF7		
21:46:53,942 , 7F0760C8		
21:46:55,818 , 2242B8CD		
21:46:57,630 , 7F0760C8		
21:46:59,505 , 7F0760C8		
21:47:01,442 , 7F0760C8		
21:47:03,317 , 7F0760C8		
21:47:05,255 , ACC9A1F6		
21:47:07,129 , 37979D7C		
21:47:08,943 , 432E020E		
21:47:09,942 , 7F0760C8		
21:47:11,879 , 7F0760C8		
21:47:13,755 , BAFF707F		
21:47:15,692 , 7F0760C8		
21:47:17,571 , 78438716		
21:47:19,382 , 77440BD3		
21:47:21,257 , 7F0760C8		
21:47:23,193 , 7F0760C8		
21:47:25,070 , 7F0760C8		
21:47:27,007 , 2E95D50E		
21:47:28,692 , 7F0760C8		
21:47:30,819 , 7F0760C8		
21:47:32,631 , 7F0760C8		
21:47:34,506 , ACC9A1F6		
21:47:35,506 , E2F76AF8		
21:47:37,444 , 7F0760C8		
21:47:39,319 , 7F0760C8		
21:47:41,257 , 7F0760C8		
21:47:43,131 , 7F0760C8		
21:47:45,067 , 4F198269		
21:47:46,817 , 84B8B6D2		
21:47:47,882 , 7F0760C8		
21:47:49,757 , 7F0760C8		
21:47:51,631 , 7F0760C8		
21:47:53,567 , 911A96B2		
21:47:55,446 , 7F0760C8		
21:47:57,379 , 7F0760C8		
21:47:59,257 , 6A60E322		
21:47:59,757 , 7F0760C8		
21:48:01,069 , 7F0760C8		
21:48:03,006 , 6E56F924		
21:48:04,880 , 36CDF1D3		
21:48:05,883 , 2328		
21:48:07,820 , 2328		
21:48:09,693 , 7F0760C8		
21:48:11,632 , 7F0760C8		
21:48:13,444 , 72B1B173		
21:48:15,320 , 5478C6F6		
21:48:17,193 , 7F0760C8		
21:48:19,132 , 7F0760C8		
21:48:21,006 , 7F0760C8		
21:48:22,945 , 7F0760C8		
21:48:24,819 , 6FC8A672		
21:48:26,632 , 7F0760C8		
21:48:28,568 , 7F0760C8		
21:48:29,568 , 68A27F		
21:48:30,942 , A47F09A6		
21:48:31,444 , 7F0760C8		
21:48:33,382 , 2DD30061		
21:48:35,256 , 7F0760C8		
21:48:37,131 , 7F0760C8		
21:48:39,068 , 7F0760C8		
21:48:40,882 , 7F0760C8		
21:48:42,757 , 7F0760C8		
21:48:43,755 , BDBCE587		
21:48:45,692 , 7F0760C8		
21:48:47,567 , 1AF9D773		
21:48:49,506 , 7F0760C8		
21:48:51,381 , 7F0760C8		
21:48:53,318 , 7F0760C8		
21:48:54,321 , 7F0760C8		
21:48:56,132 , 7F0760C8		
21:48:58,007 , 7F0760C8		
21:48:59,943 , 7F0760C8		
21:49:01,819 , CE3A51		
21:49:02,007 , 7F0760C8		
21:49:04,633 , C0BBB7A1		
21:49:06,506 , 7F0760C8		
21:49:08,443 , 7F0760C8		
21:49:10,317 , 7F0760C8		
21:49:12,257 , 78438716		
21:49:14,130 , 7F0760C8		
21:49:15,942 , 7F0760C8		
21:49:17,881 , 1167252F		
21:49:19,754 , 7F0760C8		
21:49:21,631 , 7F0760C8		
21:49:23,569 , 7F0760C8		
21:49:25,443 , 2328		
21:49:27,380 , 7F0760C8		
21:49:29,256 , ACC9A1F6		
21:49:30,259 , 7F0760C8		
21:49:32,067 , CB26329F		
21:49:33,068 , 7BF8C10D		
21:49:34,007 , 7F0760C8		
21:49:35,882 , 7F0760C8		
21:49:37,819 , 7F0760C8		
21:49:39,692 , 4E607B6E		
21:49:41,630 , 84B8B6D2		
21:49:42,631 , 7F0760C8		
21:49:44,444 , 7F0760C8		
21:49:46,319 , 7F0760C8		
21:49:48,192 , 911A96B2		
21:49:50,132 , 7F0760C8		
21:49:52,008 , 7F0760C8		
21:49:53,943 , 7F0760C8		
21:49:54,945 , 2328		
21:49:56,817 , F107BAEE		
21:49:58,631 , 7F0760C8		
21:50:00,567 , 7F0760C8		
21:50:01,568 , 7F0760C8		
21:50:03,444 , 21F1B204		
21:50:04,131 , 7F0760C8		
21:50:05,382 , 2328		
21:50:07,257 , 7F0760C8		
21:50:09,192 , 7F0760C8		
21:50:11,068 , 8986812		
21:50:12,883 , 7F0760C8		
21:50:14,817 , 7F0760C8		
21:50:16,693 , 7F0760C8		
21:50:17,694 , 7F0760C8		
21:50:19,569 , 2328		
21:50:21,507 , 7F0760C8		
21:50:23,381 , 7F0760C8		
21:50:25,193 , F3AFDAF2		
21:50:26,193 , 7F0760C8		
21:50:28,131 , 7F0760C8		
21:50:30,005 , 2328		
21:50:31,943 , 7F0760C8		
21:50:34,756 , FF71550C		
21:50:35,256 , 2E9E7C53		
21:50:35,758 , 65390F95		
21:50:37,632 , 7F0760C8		
21:50:38,630 , 7F0760C8		
21:50:40,568 , 7F0760C8		
21:50:42,443 , 7F0760C8		
21:50:44,381 , F3AFDAF2		
21:50:46,255 , 7F0760C8		
21:50:48,071 , 7F0760C8		
21:50:49,944 , 7F0760C8		
21:50:51,008 , 7F0760C8		
21:50:52,880 , 7F0760C8		
21:50:54,756 , 7F0760C8		
21:50:56,694 , 7598DA47		
21:50:58,568 , ECDE4696		
21:51:00,380 , 7F0760C8		
21:51:02,318 , 7F0760C8		
21:51:04,195 , 7F0760C8		
21:51:06,130 , 1FAFD352		
21:51:06,380 , D7965AF0		
21:51:08,007 , CC27B368		
21:51:09,942 , 7F0760C8		
21:51:11,757 , 7F0760C8		
21:51:13,632 , 7F0760C8		
21:51:15,569 , 7F0760C8		
21:51:17,442 , 7F0760C8		
21:51:19,318 , 7C075C11		
21:51:21,256 , 7F0760C8		
21:51:22,256 , 7F0760C8		
21:51:24,067 , C5349837		
21:51:25,944 , 7F0760C8		
21:51:27,882 , 7F0760C8		
21:51:29,756 , 7F0760CB		
21:51:31,693 , 7F0760C8		
21:51:33,569 , 7F0760C8		
21:51:35,381 , 7F0760C8		
21:51:37,257 , F72C9407		
21:51:37,506 , 981EB229		
21:51:39,193 , 7F0760C8		
21:51:40,194 , 7F0760C8		
21:51:41,194 , 7F0760C8		
21:51:43,131 , 911A96B2		
21:51:45,006 , 7F0760C8		
21:51:46,881 , 7F0760C8		
21:51:48,692 , 7F0760C8		
21:51:50,630 , C0BBB7A1		
21:51:52,504 , 2328		
21:51:54,444 , CC27B368		
21:51:56,317 , CC27B368		
21:51:58,130 , 5382C93D		
21:51:58,257 , C4CB5A36		
21:51:59,255 , 7F0760C8		
21:52:01,131 , 7F0760C8		
21:52:02,944 , 7681B16E		
21:52:04,880 , 7F0760C8		
21:52:06,755 , 3DE38704		
21:52:08,570 , BBFC5E80		
21:52:08,630 , 7F0760C8		
21:52:10,567 , 7F0760C8		
21:52:12,443 , FCD70FA5		
21:52:14,379 , 7F0760C8		
21:52:16,194 , 7F0760C8		
21:52:18,069 , 7F0760C8		
21:52:20,007 , 7F0760C8		
21:52:21,882 , 7F0760C8		
21:52:23,819 , 7F0760C8		
21:52:25,630 , 7F0760C8		
21:52:27,506 , 7F0760C8		
21:52:29,444 , CC27B368		
21:52:31,318 , 7F0760C8		
21:52:33,255 , 7F0760C8		
21:52:35,129 , 7F0760C8		
21:52:36,942 , 7F0760C8		
21:52:38,817 , E1D65938		
21:52:39,633 , 7F0760C8		
21:52:40,756 , 7F0760C8		
21:52:42,630 , 7F0760C8		
21:52:44,568 , 7F0760C8		
21:52:46,443 , 7F0760C8		
21:52:48,381 , 7F0760C8		
21:52:50,132 , 7F0760C8		
21:52:51,194 , 7F0760C8		
21:52:53,067 , F0F9E55E		
21:52:55,005 , 7F0760C8		
21:52:56,881 , 7F0760C8		
21:52:58,755 , 7F0760C8		
21:53:00,567 , CEA113EC		
21:53:02,506 , 7F0760C8		
21:53:04,383 , 7F0760C8		
21:53:06,318 , 7F0760C8		
21:53:08,193 , 7F0760C8		
21:53:10,131 , A91F895C		
21:53:10,693 , 7F0760C8		
21:53:11,942 , 7F0760C8		
21:53:13,819 , 7F0760C8		
21:53:15,754 , 7F0760C8		
21:53:17,630 , 9D1BF133		
21:53:19,506 , 7F0760C8		
21:53:21,442 , FF7D0E7E		
21:53:23,318 , E0F121B6		
21:53:25,132 , 4687DB5F		
21:53:27,070 , 7F0760C8		
21:53:28,943 , 7F0760C8		
21:53:30,881 , 7F0760C8		
21:53:32,757 , 7F0760C8		
21:53:34,692 , 7F0760C8		
21:53:36,568 , 7F0760C8		
21:53:38,383 , 7F0760C8		
21:53:40,256 , 7F0760C8		
21:53:41,256 , 761F1FF3		
21:53:41,880 , 7F0760C8		
21:53:43,195 , 7F0760C8		
21:53:45,069 , 7F0760C8		
21:53:47,006 , 7F0760C8		
21:53:48,882 , 7F0760C8		
21:53:50,694 , 7F0760C8		
21:53:52,630 , 7F0760C8		
21:53:54,505 , 9D4642EC		
21:53:56,443 , 2328		
21:53:58,318 , 7F0760C8		
21:54:00,257 , 68F208B		
21:54:02,006 , 7F0760C8		
21:54:03,942 , 7F0760C8		
21:54:05,818 , D63F5E92		
21:54:07,756 , 7F0760C8		
21:54:09,630 , D3855D2		
21:54:11,571 , 84BEB853		
21:54:12,944 , 7F0760C8		
21:54:15,380 , 9DA1271D		
21:54:17,131 , 7F0760C8		
21:54:19,069 , C2473A9E		
21:54:20,943 , 84B8B6D2		
21:54:22,881 , 8F3A527E		
21:54:24,820 , E8AB488D		
21:54:26,568 , 7F0760C8		
21:54:28,507 , A582222C		
21:54:30,381 , 1C7CD453		
21:54:32,319 , 7F0760C8		
21:54:34,193 , 7F0760C8		
21:54:36,131 , 82EF9AEB		
21:54:38,005 , 6A30D976		
21:54:39,819 , 7F0760C8		
21:54:41,693 , B233AF4		
21:54:43,630 , 892DA8F6		
21:54:44,008 , 7F0760C8		
21:54:45,506 , 25A1E372		
21:54:47,442 , CC27B368		
21:54:49,319 , 7F0760C8		
21:54:51,131 , 7F0760C8		
21:54:53,068 , F1F54629		
21:54:54,944 , 7F0760C8		
21:54:56,881 , 2328		
21:54:58,756 , 7F0760C8		
21:55:00,693 , 7F0760C8		
21:55:02,443 , 7F0760C8		
21:55:04,381 , 10B6039A		
21:55:06,254 , 7F0760C8		
21:55:07,256 , 7F0760C8		
21:55:09,193 , 66C523BB		
21:55:11,067 , 7F0760C8		
21:55:13,005 , E7ED61FB		
21:55:14,818 , 21F58640		
21:55:15,069 , D366055B		
21:55:15,819 , 7F0760C8		
21:55:16,692 , CC27B368		
21:55:18,568 , 7F0760C8		
21:55:19,631 , 7F0760C8		
21:55:21,507 , 7F0760C8		
21:55:24,381 , 7F0760C8		
21:55:25,445 , 7F0760C8		
21:55:27,317 , ABACB41B		
21:55:29,193 , BC75EC71		
21:55:31,006 , 2328		
21:55:32,945 , 7F0760C8		
21:55:34,817 , 7F0760C8		
21:55:36,757 , 7F0760C8		
21:55:38,629 , EAA2BD4C		
21:55:40,568 , 7F0760C8		
21:55:42,381 , 7F0760C8		
21:55:44,256 , 4EB465F7		
21:55:46,130 , 7F0760C8		
21:55:48,069 , 7F0760C8		
21:55:49,943 , 7F0760C8		
21:55:51,755 , 7F0760C8		
21:55:53,693 , 7F0760C8		
21:55:55,571 , 7F0760C8		
21:55:56,569 , 7F0760C8		
21:55:58,505 , 7F0760C8		
21:56:00,383 , 616E71F2		
21:56:02,320 , 7F0760C8		
21:56:04,068 , D5F7C289		
21:56:06,005 , 7F0760C8		
21:56:07,005 , 7F0760C8		
21:56:08,883 , 7F0760C8		
21:56:10,819 , 7F0760C8		
21:56:12,694 , 7F0760C8		
21:56:14,508 , 78438716		
21:56:16,444 , 7F0760C8		
21:56:18,320 , 7F0760C8		
21:56:20,256 , 7F0760C8		
21:56:22,131 , FC76A304		
21:56:24,007 , 7F0760C8		
21:56:25,818 , 7F0760C8		
21:56:27,755 , 7F0760C8		
21:56:29,632 , 7F0760C8		
21:56:31,568 , 7F0760C8		
21:56:33,446 , 7F0760C8		
21:56:35,382 , 7F0760C8		
21:56:37,256 , 911A96B2		
21:56:39,193 , 7F0760C8		
21:56:41,007 , 7F0760C8		
21:56:42,884 , 4D51BA56		
21:56:44,756 , 7F0760C8		
21:56:46,693 , 683F720		
21:56:48,382 , 6BD415E2		
21:56:48,567 , 7F0760C8		
21:56:50,505 , 7F0760C8		
21:56:52,381 , 7F0760C8		
21:56:54,193 , 7F0760C8		
21:56:56,130 , 7F0760C8		
21:56:58,008 , 7F0760C8		
21:57:00,817 , 2328		
21:57:02,695 , 2328		
21:57:04,632 , 7F0760C8		
21:57:06,505 , 7F0760C8		
21:57:08,444 , 7F0760C8		
21:57:10,318 , 7F0760C8		
21:57:12,256 , 2328		
21:57:14,068 , 86CB206E		
21:57:15,944 , A426F83A		
21:57:17,883 , 1DAA0C77		
21:57:19,444 , 36235985		
21:57:19,757 , 7F0760C8		
21:57:21,694 , 2328		
21:57:23,568 , 7F0760C8		
21:57:25,443 , 7F0760C8		
21:57:27,255 , 7F0760C8		
21:57:29,195 , 7F0760C8		
21:57:31,069 , CB1A06ED		
21:57:33,006 , 7F0760C8		
21:57:34,881 , 677D20D1		
21:57:36,820 , 2328		
21:57:38,692 , 7F0760C8		
21:57:40,506 , B90459F0		
21:57:42,444 , 7F0760C8		
21:57:44,320 , 7F0760C8		
21:57:46,255 , 2328		
21:57:48,130 , 7F0760C8		
21:57:49,943 , 7F0760C8		
21:57:50,946 , 7F0760C8		
21:57:52,820 , 2DD30061		
21:57:54,758 , 7F0760C8		
21:57:56,631 , 7F0760C8		
21:57:58,569 , 7F0760C8		
21:58:00,442 , 8F11209E		
21:58:02,254 , 7F0760C8		
21:58:03,257 , 7F0760C8		
21:58:05,195 , 2328		
21:58:07,068 , 7F0760C8		
21:58:09,007 , 39504B8B		
21:58:10,755 , 4DFA117D		
21:58:12,695 , C794EEF8		
21:58:12,820 , 7F0760C8		
21:58:14,569 , 7F0760C8		
21:58:16,506 , 97F7985B		
21:58:18,380 , 2328		
21:58:20,317 , 7F0760C8		
21:58:22,193 , 7F0760C8		
21:58:24,129 , 7F0760C8		
21:58:25,943 , 2328		
21:58:27,819 , 7F0760C8		
21:58:28,819 , 7F0760C8		
21:58:30,756 , CC27B368		
21:58:32,632 , 97F7985B		
21:58:34,570 , 7F0760C8		
21:58:36,445 , 7F0760C8		
21:58:37,444 , 7F0760C8		
21:58:39,257 , AEB90F52		
21:58:41,132 , 7F0760C8		
21:58:43,069 , 7F0760C8		
21:58:44,942 , 2328		
21:58:46,880 , 7F0760C8		
21:58:48,755 , 2328		
21:58:50,567 , 7F0760C8		
21:58:52,508 , EAF2793		
21:58:53,506 , 7F0760C8		
21:58:55,379 , B2D26813		
21:58:57,321 , 7F0760C8		
21:58:59,192 , ED0E5739		
21:59:01,007 , 7F0760C8		
21:59:02,005 , 7E075F37		
21:59:03,005 , F4D41B5D		
21:59:04,944 , E3DA81E5		
21:59:06,132 , C1EC1DA1		
21:59:06,818 , 7F0760C8		
21:59:08,692 , 7F0760C8		
21:59:10,632 , 7F0760C8		
21:59:12,443 , 7F0760C8		
21:59:14,317 , 2FA7EAA9		
21:59:16,256 , CC27B368		
21:59:18,130 , C4CB5A36		
21:59:19,132 , 7F0760C8		
21:59:21,068 , 7A0BA199		
21:59:22,943 , 7F0760C8		
21:59:24,882 , 4A854502		
21:59:26,694 , 7F0760C8		
21:59:27,692 , 7F0760C8		
21:59:29,568 , 7F0760C8		
21:59:31,506 , 7F0760C8		
21:59:33,380 , 7F0760C8		
21:59:35,255 , DAEAB8E0		
21:59:37,194 , A309D80E		
21:59:39,005 , 6CEE6C42		
21:59:40,879 , 7F0760C8		
21:59:42,818 , 2363FC38		
21:59:44,694 , 7F0760C8		
21:59:45,694 , 24911A3F		
21:59:47,632 , 7F0760C8		
21:59:49,507 , 68F208B		
21:59:51,444 , 7F0760C8		
21:59:52,444 , 7F0760C8		
21:59:54,318 , 7F0760C8		
21:59:56,131 , 2328		
21:59:58,008 , 7F0760C8		
21:59:59,942 , 7F0760C8		
22:00:01,818 , 7F0760C8		
22:00:03,754 , 2328		
22:00:04,755 , 7F0760C8		
22:00:06,630 , 2DA6F326		
22:00:08,256 , 7F0760C8		
22:00:09,444 , 7F0760C8		
22:00:11,382 , 242F6C0E		
22:00:13,257 , 2328		
22:00:15,193 , 7F0760C8		
22:00:17,068 , 2328		
22:00:18,069 , 7F0760C8		
22:00:20,006 , 7F0760C8		
22:00:21,818 , 7F0760C8		
22:00:23,695 , 7F0760C8		
22:00:25,632 , 7F0760C8		
22:00:27,508 , 2328		
22:00:29,381 , 7F0760C8		
22:00:31,318 , 7F0760C8		
22:00:32,319 , 7F0760C8		
22:00:34,194 , 7F0760C8		
22:00:36,006 , CC27B368		
22:00:37,944 , E0D7C87F		
22:00:39,320 , 7CE57177		
22:00:39,817 , 7F0760C8		
22:00:41,756 , 7F0760C8		
22:00:43,633 , 7F0760C8		
22:00:45,567 , 7F0760C8		
22:00:47,382 , 7F0760C8		
22:00:49,258 , 981EB22B		
22:00:51,130 , 7F0760C8		
22:00:52,193 , 4E0F4A75		
22:00:54,071 , 7F0760C8		
22:00:55,944 , 7F0760C8		
22:00:57,756 , 7F0760C8		
22:00:59,692 , 7F0760C8		
22:01:01,569 , 77440BD3		
22:01:03,506 , 7F0760C8		
22:01:05,382 , C662529D		
22:01:07,317 , FDFDE523		
22:01:09,072 , 7F0760C8		
22:01:10,068 , F92C972F		
22:01:10,381 , 7A0BA199		
22:01:12,006 , 7F0760C8		
22:01:13,882 , 7F0760C8		
22:01:15,818 , 26CF4EDB		
22:01:17,695 , EF294C6		
22:01:19,631 , 36CDF1D3		
22:01:21,507 , 7F0760C8		
22:01:23,319 , 7F0760C8		
22:01:25,194 , 7F0760C8		
22:01:27,130 , 7F0760C8		
22:01:29,008 , 7F0760C8		
22:01:30,943 , 7F0760C8		
22:01:32,817 , 7F0760C8		
22:01:34,755 , D274D85D		
22:01:35,754 , 7F0760C8		
22:01:37,570 , 7F0760C8		
22:01:39,444 , 512A0AF1		
22:01:41,381 , 2328		
22:01:43,254 , 7F0760C8		
22:01:45,194 , 7F0760C8		
22:01:47,067 , 84B8B6D2		
22:01:48,068 , E37236FA		
22:01:49,879 , 7F0760C8		
22:01:51,756 , C91809E7		
22:01:52,692 , 7CBB0B2E		
22:01:53,694 , 911A96B2		
22:01:55,570 , 7F0760C8		
22:01:57,506 , 7F0760C8		
22:01:59,381 , A416FCB7		
22:02:01,318 , 7F0760C8		
22:02:03,193 , 6E56F924		
22:02:05,005 , 7F0760C8		
22:02:06,007 , 5F533C1D		
22:02:07,944 , A426F83A		
22:02:09,818 , 7F0760C8		
22:02:11,695 , 7F0760C8		
22:02:13,632 , 7F0760C8		
22:02:15,443 , 7F0760C8		
22:02:17,319 , 7F0760C8		
22:02:19,256 , 2328		
22:02:21,132 , 7F0760C8		
22:02:23,068 , 8B225D8D		
22:02:23,758 , 7F0760C8		
22:02:24,880 , 2328		
22:02:26,757 , 7F0760C8		
22:02:28,692 , 7F0760C8		
22:02:30,568 , 87B372BD		
22:02:31,569 , 7F0760C8		
22:02:33,507 , 7F0760C8		
22:02:35,381 , 7F0760C8		
22:02:37,194 , 7F0760C8		
22:02:39,132 , 7F0760C8		
22:02:41,006 , 7F0760C8		
22:02:42,883 , 7F0760C8		
22:02:44,818 , 7F0760C8		
22:02:46,694 , 106A314C		
22:02:48,506 , 7F0760C8		
22:02:49,505 , 7F0760C8		
22:02:51,443 , 2328		
22:02:53,318 , D45F34BD		
22:02:54,818 , 7B65430B		
22:02:55,254 , 7F0760C8		
22:02:57,130 , 7F0760C8		
22:02:58,945 , 255F930C		
22:03:00,881 , 7F0760C8		
22:03:02,756 , CC27B368		
22:03:04,630 , FDFDE523		
22:03:06,569 , 7F0760C8		
22:03:07,569 , 7F0760C8		
22:03:08,570 , 7F0760C8		
22:03:10,506 , 2328		
22:03:11,508 , 7F0760C8		
22:03:13,258 , C4CB5A36		
22:03:15,194 , 7F0760C8		
22:03:17,067 , E0F121B6		
22:03:19,007 , 958A1AEF		
22:03:20,883 , 7F0760C8		
22:03:22,821 , 7F0760C8		
22:03:24,632 , 3E27AB09		
22:03:25,945 , BAD2D42E		
22:03:26,505 , 7F0760C8		
22:03:27,504 , 7F0760C8		
22:03:29,443 , 7F0760C8		
22:03:31,317 , 7F0760CB		
22:03:33,257 , 4D51BA56		
22:03:35,133 , 7F0760C8		
22:03:36,132 , CD778CF0		
22:03:37,317 , 11B6052E		
22:03:41,756 , A4B321C2		
22:03:43,633 , 3BE48DFC		
22:03:45,568 , D6506229		
22:03:47,443 , 272A77CE		
22:03:49,382 , B67C1D87		
22:03:50,381 , 11B6052F		
22:03:54,132 , 7F0760C8		
22:03:55,944 , 29802FD9		
22:03:57,881 , C6C4E150		
22:03:59,756 , 70FBA428		
22:04:01,692 , 86A01997		
22:04:03,567 , 9B4BFDF7		
22:04:05,508 , 8DBA5B90		
22:04:07,256 , 6F7B1C06		
22:04:09,192 , 7F0760C8		
22:04:11,067 , E90B8811		
22:04:13,007 , 7F0760C8		
22:04:14,879 , 3E792201		
22:04:16,821 , B58058D8		
22:04:18,693 , 2A05C413		
22:04:22,382 , 7CBB0B2E		
22:04:24,319 , 2A113EF5		
22:04:26,193 , 6E5F214E		
22:04:28,130 , F8B6279A		
22:04:30,005 , 4BCE26D9		
22:04:31,944 , AAEA91CA		
22:04:32,944 , 11B6052E		
22:04:34,818 , 41391520		
22:04:36,631 , 2A44904E		
22:04:39,506 , 1920109D		
22:04:41,443 , E4104AA4		
22:04:43,319 , E7289E27		
22:04:45,257 , DBC8CB71		
22:04:47,130 , 8B639B5B		
22:04:48,943 , 7F0760C8		
22:04:49,943 , EC5FBE88		
22:04:50,944 , 34677EB8		
22:04:52,817 , 75C54F32		
22:04:54,755 , 7F0760C8		
22:04:56,632 , BB3CDF9D		
22:04:58,567 , 7F0760C8		
22:05:00,442 , 2A44904E		
22:05:03,256 , 7F0760C8		
22:05:05,194 , B12F5DB1		
22:05:07,068 , 7F0760C8		
22:05:09,007 , A322426A		
22:05:10,007 , 6EA472F0		
22:05:11,881 , EAB7BACC		
22:05:13,755 , 7F0760C8		
22:05:17,507 , A00C21CF		
22:05:20,382 , 3E1C8061		
22:05:22,318 , 84091296		
22:05:24,193 , 7F0760C8		
22:05:26,131 , 7F0760C8		
22:05:28,007 , EC5FBE88		
22:05:29,944 , DBC8CB72		
22:05:30,943 , 2A44904E		
22:05:32,818 , C6A9B0E		
22:05:34,630 , 7DB2864C		
22:05:36,505 , 84091297		
22:05:38,442 , 15FD2B54		
22:05:40,319 , 7F0760C8		
22:05:42,257 , 7F0760C8		
22:05:45,943 , 2328		
22:05:47,880 , C7F845F0		
22:05:49,757 , 7F0760C8		
22:05:51,693 , B653C504		
22:05:53,570 , C3D9A374		
22:05:55,444 , AACAFFFD		
22:05:59,194 , 258E1CEC		
22:06:01,071 , 5A788A9		
22:06:02,944 , FBA5498D		
22:06:04,880 , 34CCC890		
22:06:06,755 , DBC8CB72		
22:06:08,693 , 933DAA04		
22:06:10,569 , 7F0760C8		
22:06:14,320 , ACC9A1F6		
22:06:16,194 , 7F0760C8		
22:06:18,069 , 7F0760C8		
22:06:20,005 , 94BD8D66		
22:06:21,881 , 7F0760C8		
22:06:23,817 , 7F0760C8		
22:06:25,630 , 8354893C		
22:06:27,506 , 8F11209E		
22:06:29,442 , 7F0760C8		
22:06:30,443 , 2A44904E		
22:06:32,318 , 8774AC0A		
22:06:34,129 , 7F0760C8		
22:06:36,007 , 84091296		
22:06:37,942 , 51F9F8AC		
22:06:39,819 , 7F0760C8		
22:06:41,754 , 7E075F37		
22:06:43,632 , 68228427		
22:06:47,317 , 7F0760C8		
22:06:49,254 , 11B6052E		
22:06:51,130 , F71B08FB		
22:06:53,068 , 7F0760C8		
22:06:54,944 , 84D510D		
22:06:56,880 , C9DAA368		
22:07:00,568 , DBEDD952		
22:07:02,443 , 11B6052E		
22:07:04,383 , 7F0760C8		
22:07:06,258 , 9C572421		
22:07:08,195 , 929A7E91		
22:07:10,067 , CB8997D2		
22:07:12,006 , 205F2FA2		
22:07:13,819 , 7F0760C8		
22:07:15,694 , 7F0760C8		
22:07:17,569 , 116FAAEE		
22:07:19,507 , 7F0760C8		
22:07:20,506 , 6D8FC5D6		
22:07:22,381 , 9B770B16		
22:07:24,318 , A551BF0F		
22:07:26,194 , 9C175307		
22:07:28,007 , 5442C8C9		
22:07:29,008 , 45EA3F43		
22:07:30,943 , A416FCB7		
22:07:32,818 , 4185C03F		
22:07:34,755 , 85166DB2		
22:07:36,631 , A0CA3CD4		
22:07:38,571 , C0A4562E		
22:07:42,318 , F032FDB1		
22:07:44,130 , 2A44904E		
22:07:45,131 , 11B6052E		
22:07:47,068 , 72C52AE4		
22:07:48,942 , 6D8FC5D6		
22:07:50,881 , 7BF37293		
22:07:51,882 , 7A5F65F8		
22:07:53,758 , EF417209		
22:07:55,692 , B1754C63		
22:07:57,444 , 8E4D8D45		
22:08:01,255 , CDF92C62		
22:08:04,193 , B685D419		
22:08:06,005 , 286E98A3		
22:08:07,880 , 21D516C2		
22:08:09,820 , 6C7001D4		
22:08:11,692 , D63F5E92		
22:08:13,569 , 7F0760C8		
22:08:15,505 , 255009AE		
22:08:17,381 , 8D8DEDF2		
22:08:19,318 , 7F0760C8		
22:08:21,134 , 22EFBC2E		
22:08:23,008 , C7F845F0		
22:08:24,942 , 6A547104		
22:08:26,818 , 7F0760C8		
22:08:27,820 , 7F0760C8		
22:08:29,756 , 195B71A4		
22:08:31,631 , 25AE7EE0		
22:08:33,505 , C53F93E9		
22:08:35,318 , 7F0760C8		
22:08:37,256 , C7F845F0		
22:08:39,131 , 48DB914		
22:08:41,068 , 25FCFB49		
22:08:42,943 , A3EC8F88		
22:08:44,818 , 5A9C566B		
22:08:46,631 , 7F0760C8		
22:08:47,631 , C7F845F1		
22:08:49,570 , 38A706F8		
22:08:51,446 , C9B784EC		
22:08:53,379 , 7F0760C8		
22:08:58,942 , 27FD7D88		
22:09:00,882 , ECF41400		
22:09:02,757 , 7F0760C8		
22:09:04,692 , 4B852ABA		
22:09:06,569 , BC50E691		
22:09:08,506 , C9DAA368		
22:09:12,317 , C9DAA368		
22:09:14,068 , 7F0760C8		
22:09:16,006 , 7CBB0B2E		
22:09:17,881 , 7F0760C8		
22:09:19,819 , 7F0760C8		
22:09:21,694 , 5D1B0343		
22:09:22,693 , 7F0760C8		
22:09:24,631 , 7F0760C8		
22:09:26,443 , 7F0760C8		
22:09:28,318 , 7F0760C8		
22:09:30,256 , 7F0760C8		
22:09:32,131 , 46B70B21		
22:09:34,005 , 85A80119		
22:09:35,945 , 7F0760C8		
22:09:37,757 , 7F0760C8		
22:09:39,631 , E80AEA95		
22:09:41,568 , 7F0760C8		
22:09:43,444 , 11B6052F		
22:09:45,382 , 7F0760C8		
22:09:47,256 , 7F0760C8		
22:09:49,068 , 23B069AC		
22:09:50,944 , 11B6052E		
22:09:52,007 , BE1046AC		
22:09:53,881 , 7F0760C8		
22:09:54,882 , 463F4184		
22:09:56,817 , E326AC80		
22:09:58,693 , 2A44904E		
22:10:02,380 , C35718C3		
22:10:04,317 , 7CBB0B2E		
22:10:06,193 , 7F0760C8		
22:10:08,132 , C247728		
22:10:10,005 , 8F11209E		
22:10:11,818 , 1E496608		
22:10:12,821 , 7F0760C8		
22:10:13,817 , 7F0760C8		
22:10:15,694 , 83AFD659		
22:10:17,629 , 7BE4300F		
22:10:19,507 , B653C504		
22:10:21,443 , 7F0760C8		
22:10:23,318 , 2BC46456		
22:10:24,320 , 7F0760C8		
22:10:26,255 , 7F0760C8		
22:10:28,068 , 7F0760C8		
22:10:29,942 , 7F0760C8		
22:10:31,881 , 7F0760C8		
22:10:32,881 , 7F0760C8		
22:10:34,756 , 8E8F5C04		
22:10:36,695 , 7F0760C8		
22:10:38,569 , 4D51BA56		
22:10:40,380 , 7F0760C8		
22:10:41,383 , AE96A01		
22:10:43,258 , 1C5CDF2A		
22:10:45,194 , 97F7985B		
22:10:47,067 , 11C4D79F		
22:10:49,006 , 7F0760C8		
22:10:50,879 , 7F0760C8		
22:10:52,821 , 7F0760C8		
22:10:54,692 , 7F0760C8		
22:10:55,631 , 7F0760C8		
22:10:57,505 , 7F0760C8		
22:10:59,380 , 7F0760C8		
22:11:01,319 , 7F0760C8		
22:11:03,192 , 7F0760C8		
22:11:05,131 , 78438716		
22:11:07,007 , CC27B368		
22:11:08,817 , 2A44904E		
22:11:10,755 , C7F845F0		
22:11:12,630 , 7F0760C8		
22:11:14,569 , 2328		
22:11:16,442 , 7F0760C8		
22:11:18,381 , 616E71F2		
22:11:20,256 , 1167252F		
22:11:22,070 , 7F0760C8		
22:11:23,942 , 7F0760C8		
22:11:25,881 , 7F0760C8		
22:11:27,757 , 7F0760C8		
22:11:29,694 , C8CE8AD6		
22:11:30,692 , DBC8CB72		
22:11:32,567 , 7F0760C8		
22:11:34,505 , 7F0760C8		
22:11:36,256 , 2F06BBF7		
22:11:37,317 , E7ED61FB		
22:11:39,194 , 7F0760C8		
22:11:41,068 , 7F0760C8		
22:11:43,006 , 7F0760C8		
22:11:44,880 , 7F0760CB		
22:11:46,817 , 7F0760C8		
22:11:48,630 , 1945B5FC		
22:11:50,508 , 7C075C11		
22:11:52,442 , 512A0AF1		
22:11:53,442 , F3E278DC		
22:11:55,318 , 7F0760C8		
22:11:57,256 , 7F0760C8		
22:11:59,129 , 7F0760C8		
22:12:01,070 , 4D51BA56		
22:12:02,818 , 7F0760C8		
22:12:04,757 , D2A374EC		
22:12:06,632 , 7F0760C8		
22:12:07,632 , 7F0760C8		
22:12:09,567 , 7F0760C8		
22:12:11,444 , EC07259B		
22:12:13,383 , 7F0760C8		
22:12:15,256 , 7F0760C8		
22:12:17,068 , 7F0760C8		
22:12:19,006 , 7F0760C8		
22:12:20,881 , 9,13E+17		
22:12:22,757 , CC27B368		
22:12:24,694 , CC27B368		
22:12:26,570 , 7F0760C8		
22:12:28,507 , 7F0760C8		
22:12:29,507 , 7F0760C8		
22:12:31,318 , CC27B368		
22:12:33,193 , 7F0760C8		
22:12:35,131 , 7F0760C8		
22:12:37,006 , 7F0760C8		
22:12:38,945 , 7F0760C8		
22:12:40,819 , 7F0760C8		
22:12:42,695 , 7F0760C8		
22:12:44,506 , FFAF5956		
22:12:46,443 , 7F0760C8		
22:12:47,443 , 7F0760C8		
22:12:48,444 , 6A547104		
22:12:50,320 , 3FF14BDC		
22:12:52,257 , 7F0760C8		
22:12:54,132 , 7F0760C8		
22:12:55,943 , 7F0760C8		
22:12:56,943 , 255009AE		
22:12:58,880 , 7F0760C8		
22:13:00,756 , DDC9D7C		
22:13:02,630 , 7F0760C8		
22:13:04,568 , 7F0760C8		
22:13:06,444 , 7F0760C8		
22:13:08,382 , 7F0760C8		
22:13:10,257 , 7F0760C8		
22:13:12,069 , 4A854502		
22:13:14,006 , C0E88D5F		
22:13:15,882 , 7F0760C8		
22:13:17,819 , 7F0760C8		
22:13:19,692 , 7F0760C8		
22:13:21,632 , 7F0760C8		
22:13:23,507 , 7F0760C8		
22:13:25,442 , 7F0760C8		
22:13:27,319 , D3855D2		
22:13:29,194 , 8C5099A9		
22:13:31,131 , 7F0760C8		
22:13:32,942 , A426F83A		
22:13:34,818 , 7F0760C8		
22:13:36,756 , 7F0760C8		
22:13:38,631 , 7F0760C8		
22:13:40,570 , 7F0760C8		
22:13:42,379 , ADDA7532		
22:13:44,257 , 7F0760C8		
22:13:46,131 , 7F0760C8		
22:13:48,068 , 7F0760C8		
22:13:49,943 , 7F0760C8		
22:13:51,880 , 7F0760C8		
22:13:53,693 , 7F0760C8		
22:13:55,569 , 7F0760C8		
22:13:57,505 , 7F0760C8		
22:13:58,506 , 7F0760C8		
22:14:00,380 , 7F0760C8		
22:14:02,319 , 7F0760C8		
22:14:04,192 , 7F0760C8		
22:14:06,006 , E2F76AF8		
22:14:07,882 , 7F0760C8		
22:14:09,818 , 63B33B4E		
22:14:11,694 , 6A30D976		
22:14:13,633 , 7F0760C8		
22:14:15,443 , 7F0760C8		
22:14:17,319 , 7F0760C8		
22:14:19,256 , 7F0760C8		
22:14:21,131 , 7F0760C8		
22:14:22,131 , 7F0760C8		
22:14:24,070 , 7F0760C8		
22:14:25,944 , 7F0760C8		
22:14:27,756 , 7F0760C8		
22:14:29,632 , 7F0760C8		
22:14:30,629 , 2A439CA4		
22:14:32,569 , 7F0760C8		
22:14:34,442 , 7F0760C8		
22:14:36,380 , 7F0760C8		
22:14:38,257 , 7F0760C8		
22:14:40,193 , 7F0760C8		
22:14:42,006 , 7F0760C8		
22:14:43,881 , 7F0760C8		
22:14:44,882 , 7F0760C8		
22:14:46,818 , 7F0760C8		
22:14:48,695 , 2328		
22:14:50,630 , 6CDC6041		
22:14:52,506 , 7F0760C8		
22:14:53,507 , 7F0760C8		
22:14:55,319 , 7F0760C8		
22:14:57,193 , 7F0760C8		
22:14:59,130 , 7F0760C8		
22:15:01,007 , 6CA2FE7F		
22:15:02,944 , 7F0760C8		
22:15:04,820 , 7F0760C8		
22:15:06,755 , 7F0760C8		
22:15:08,630 , 2328		
22:15:10,445 , E0F121B6		
22:15:12,380 , 76183DB3		
22:15:14,257 , 7F0760C8		
22:15:16,193 , 8A020815		
22:15:17,882 , 1EC353F9		
22:15:18,068 , 7702DF8F		
22:15:18,943 , B653C504		
22:15:19,943 , 7F0760C8		
22:15:21,880 , 1,19E+11		
22:15:23,755 , 2328		
22:15:25,570 , 7F0760C8		
22:15:27,505 , 7F0760C8		
22:15:29,379 , 7F0760C8		
22:15:31,319 , A551BF0F		
22:15:33,192 , 8F3A527E		
22:15:35,131 , 91FD97C6		
22:15:36,133 , 7F0760C8		
22:15:38,006 , 7F0760C8		
22:15:39,818 , 7F0760C8		
22:15:41,756 , 97F7985B		
22:15:43,631 , D68C7E87		
22:15:45,508 , 7F0760C8		
22:15:46,506 , 7F0760C8		
22:15:47,505 , 7F0760C8		
22:15:49,319 , 7F0760C8		
22:15:51,255 , 7F0760C8		
22:15:53,132 , 7F0760C8		
22:15:55,070 , EF7DF488		
22:15:56,943 , 7F0760C8		
22:15:58,881 , 7F0760C8		
22:16:00,756 , CC27B368		
22:16:02,569 , C4CB5A36		
22:16:03,693 , 7F0760C8		
22:16:05,508 , 7F0760C8		
22:16:07,381 , 2328		
22:16:09,255 , 4A854502		
22:16:11,194 , 2328		
22:16:12,192 , 2328		
22:16:14,131 , 2328		
22:16:16,005 , 2328		
22:16:17,817 , 2328		
22:16:19,755 , 7F0760C8		
22:16:21,631 , A309D80E		
22:16:23,505 , D63F5E92		
22:16:25,446 , 2328		
22:16:27,255 , 2363FC38		
22:16:29,132 , 2328		
22:16:30,130 , 2328		
22:16:32,068 , 2328		
22:16:33,942 , 2328		
22:16:35,881 , 7F0760C8		
22:16:37,757 , 2328		
22:16:39,568 , 7F0760C8		
22:16:41,506 , 2328		
22:16:43,383 , CC27B368		
22:16:45,319 , FDFDE523		
22:16:47,254 , 2328		
22:16:48,257 , 2328		
22:16:50,067 , 2328		
22:16:51,942 , 2328		
22:16:53,882 , 7F0760C8		
22:16:55,756 , 78438716		
22:16:57,694 , 2328		
22:16:59,506 , 2328		
22:17:01,381 , 2328		
22:17:03,256 , 7F0760C8		
22:17:05,194 , 2328		
22:17:07,069 , 2328		
22:17:09,007 , 2328		
22:17:10,819 , 2328		
22:17:12,692 , ACC9A1F6		
22:17:13,756 , 7F0760C8		
22:17:15,632 , 2328		
22:17:17,506 , 2328		
22:17:19,444 , 2328		
22:17:21,320 , 2328		
22:17:23,132 , 2328		
22:17:25,070 , 84B8B6D2		
22:17:26,068 , 2328		
22:17:28,008 , 2328		
22:17:29,882 , 2328		
22:17:31,817 , 911A96B2		
22:17:33,694 , 2328		
22:17:35,506 , 2328		
22:17:37,443 , 2328		
22:17:39,320 , 7F0760C8		
22:17:41,255 , 0		
22:17:43,130 , 2328		
22:17:44,131 , 2328		
22:17:45,943 , 2328		
22:17:47,880 , 2328		
22:17:49,755 , 2328		
22:17:51,694 , 78438716		
22:17:53,568 , 7F0760C8		
22:17:55,382 , 7F0760C8		
22:17:57,317 , 7F0760C8		
22:17:59,194 , 7F0760C8		
22:18:01,070 , 7F0760C8		
22:18:03,006 , 2328		
22:18:04,880 , 2328		
22:18:06,692 , 2328		
22:18:08,629 , 2328		
22:18:10,507 , 7F0760C8		
22:18:12,443 , 2328		
22:18:14,318 , 911A96B2		
22:18:16,256 , 2328		
22:18:18,068 , 2328		
22:18:19,944 , 24AE7D4E		
22:18:21,192 , C8CE8AD6		
22:18:21,880 , A6A37E0E		
22:18:23,757 , AFDB382C		
22:18:24,692 , D73BA8A2		
22:18:25,069 , A598C7F9		
22:18:25,692 , 20FCC954		
22:18:26,068 , 2328		
22:18:27,567 , 2328		
22:18:29,505 , 2328		
22:18:31,318 , 2328		
22:18:33,193 , 2328		
22:18:35,131 , 2328		
22:18:37,944 , 7F0760C8		
22:18:39,818 , 2328		
22:18:41,755 , CC3646F3		
22:18:43,631 , 2328		
22:18:44,631 , 2328		
22:18:46,444 , CC3646F3		
22:18:48,320 , 2328		
22:18:49,380 , 2328		
22:18:50,380 , 2328		
22:18:52,256 , 2328		
22:18:54,192 , 2328		
22:18:56,007 , 2328		
22:18:57,879 , 3117E0E3		
22:18:59,818 , 2328		
22:19:01,692 , 2328		
22:19:03,631 , 2328		
22:19:05,443 , 72104956		
22:19:07,318 , 8F30752		
22:19:09,255 , 2328		
22:19:11,131 , 2328		
22:19:13,070 , 2328		
22:19:14,880 , 2328		
22:19:16,758 , 2328		
22:19:18,695 , 2328		
22:19:19,695 , 7F0760C8		
22:19:21,568 , 2328		
22:19:23,508 , 2328		
22:19:25,317 , 2328		
22:19:27,194 , 2328		
22:19:29,131 , 37979D7D		
22:19:30,943 , 2328		
22:19:32,005 , 2328		
22:19:33,818 , 2328		
22:19:35,758 , 2328		
22:19:37,631 , 2328		
22:19:39,568 , D63F5E92		
22:19:41,443 , 2328		
22:19:43,258 , 7F0760C8		
22:19:45,193 , 2328		
22:19:47,068 , 7F0760C8		
22:19:49,007 , 7F0760C8		
22:19:50,881 , 2328		
22:19:52,818 , 2328		
22:19:54,631 , 2328		
22:19:55,630 , ADDA7532		
22:19:57,506 , 6A30D976		
22:19:59,443 , 2328		
22:20:01,319 , 2328		
22:20:03,256 , 2328		
22:20:05,132 , 2328		
22:20:06,943 , 7F0760C8		
22:20:08,817 , 2328		
22:20:10,757 , 2328		
22:20:12,631 , 2328		
22:20:14,569 , 2328		
22:20:16,505 , 2328		
22:20:18,256 , 2328		
22:20:20,193 , 2328		
22:20:22,070 , 2328		
22:20:24,005 , 2328		
22:20:25,882 , 2328		
22:20:27,694 , 6A30D976		
22:20:29,632 , 2328		
22:20:31,506 , 2328		
22:20:33,444 , 37979D7C		
22:20:35,255 , 2328		
22:20:36,256 , 2328		
22:20:38,132 , 2328		
22:20:40,068 , 2328		
22:20:41,943 , 7F0760C8		
22:20:43,880 , 7F0760C8		
22:20:45,693 , 2328		
22:20:47,568 , 2328		
22:20:49,505 , CC27B368		
22:20:51,381 , FDFDE523		
22:20:53,319 , 7F0760C8		
22:20:54,319 , 2328		
22:20:56,194 , 2328		
22:20:58,008 , 2328		
22:20:59,943 , 2328		
22:21:01,818 , 78438716		
22:21:03,756 , 2328		
22:21:05,631 , 2328		
22:21:07,567 , 7F0760C8		
22:21:09,380 , 7F0760C8		
22:21:11,257 , 2328		
22:21:13,195 , 2328		
22:21:15,070 , 2328		
22:21:17,005 , 7F0760C8		
22:21:18,882 , ACC9A1F6		
22:21:19,881 , 2328		
22:21:21,819 , 2328		
22:21:23,629 , 7F0760C8		
22:21:25,507 , 2328		
22:21:27,443 , 7F0760C8		
22:21:29,318 , 2328		
22:21:31,258 , 84B8B6D2		
22:21:32,256 , 2328		
22:21:34,069 , 2328		
22:21:35,943 , 2328		
22:21:37,879 , 911A96B2		
22:21:39,755 , 2328		
22:21:41,694 , 7F0760C8		
22:21:42,693 , 7F0760C8		
22:21:44,569 , 2328		
22:21:46,380 , 7F0760C8		
22:21:48,319 , 2328		
22:21:49,318 , 2328		
22:21:51,193 , 2328		
22:21:53,131 , 7F0760C8		
22:21:55,007 , 2328		
22:21:56,943 , 2328		
22:21:58,757 , 2328		
22:22:00,632 , 2328		
22:22:02,569 , 2328		
22:22:04,445 , 2328		
22:22:06,379 , 2328		
22:22:09,193 , 2328		
22:22:11,067 , CC3646F3		
22:22:13,006 , 7F0760C8		
22:22:14,005 , 2328		
22:22:15,007 , 2328		
22:22:16,819 , 911A96B2		
22:22:18,695 , 7F0760C8		
22:22:20,630 , 7F0760C8		
22:22:22,505 , 7F0760C8		
22:22:24,442 , 7F0760C8		
22:22:26,317 , 2328		
22:22:28,129 , CC27B368		
22:22:30,068 , C4CB5A36		
22:22:31,071 , 2328		
22:22:32,944 , 2328		
22:22:34,880 , 2328		
22:22:36,756 , 4A854502		
22:22:38,694 , 2328		
22:22:39,692 , 2328		
22:22:41,508 , 2328		
22:22:43,384 , 2328		
22:22:45,319 , 7F0760C8		
22:22:47,195 , 7F0760C8		
22:22:48,192 , 7F0760C8		
22:22:50,133 , 2328		
22:22:52,005 , D63F5E92		
22:22:53,817 , 2328		
22:22:54,817 , 2328		
22:22:56,758 , 2328		
22:22:58,632 , 7F0760C8		
22:23:00,568 , 2328		
22:23:02,443 , 2328		
22:23:03,445 , 2328		
22:23:05,255 , 2328		
22:23:07,192 , 2328		
22:23:09,070 , 2328		
22:23:11,006 , 2A439CA4		
22:23:12,005 , 2328		
22:23:13,943 , 2328		
22:23:15,695 , 2328		
22:23:17,632 , 2328		
22:23:19,568 , 2328		
22:23:21,443 , 7F0760C8		
22:23:23,382 , 2328		
22:23:25,256 , 2328		
22:23:27,133 , 2328		
22:23:28,943 , 2328		
22:23:30,881 , CC27B368		
22:23:32,818 , 2328		
22:23:33,819 , 2328		
22:23:35,693 , 2328		
22:23:37,630 , ACC9A1F6		
22:23:39,505 , 2328		
22:23:41,320 , 1D61F9FD		
22:23:43,194 , 7F0760C8		
22:23:44,255 , 2328		
22:23:45,256 , 7F0760C8		
22:23:47,131 , 2328		
22:23:49,071 , 2328		
22:23:50,881 , 2328		
22:23:52,758 , 3117E0E3		
22:23:54,692 , 7F0760C8		
22:23:56,569 , 2328		
22:23:58,445 , CC27B368		
22:24:00,255 , 25AE7EE0		
22:24:00,381 , 2328		
22:24:02,192 , 2328		
22:24:04,069 , 2328		
22:24:06,005 , 2328		
22:24:07,943 , 2328		
22:24:09,695 , 2328		
22:24:11,630 , 2328		
22:24:13,506 , 2328		
22:24:14,571 , 2328		
22:24:16,442 , 2328		
22:24:17,443 , 2328		
22:24:19,381 , 2328		
22:24:21,193 , 7F0760C8		
22:24:23,068 , 7F0760C8		
22:24:25,006 , 7F0760C8		
22:24:26,882 , 2328		
22:24:28,819 , 2328		
22:24:30,695 , 2328		
22:24:32,507 , 2328		
22:24:34,443 , 2328		
22:24:37,318 , 2328		
22:24:39,255 , 2328		
22:24:41,006 , 2328		
22:24:42,943 , 2328		
22:24:44,880 , 7F0760C8		
22:24:46,755 , 7F0760C8		
22:24:48,695 , 2328		
22:24:50,505 , CC27B368		
22:24:52,380 , FDFDE523		
22:24:54,257 , 7F0760C8		
22:24:55,318 , 2328		
22:24:57,194 , 2328		
22:24:59,133 , 2328		
22:25:00,943 , 7F0760C8		
22:25:02,817 , D63F5E92		
22:25:04,755 , 2328		
22:25:06,630 , 2328		
22:25:08,567 , 2328		
22:25:10,445 , 7F0760C8		
22:25:12,256 , 2328		
22:25:14,133 , 2328		
22:25:16,070 , 2328		
22:25:18,007 , 2328		
22:25:19,880 , 2328		
22:25:20,881 , 2328		
22:25:22,817 , 2328		
22:25:24,632 , 2328		
22:25:26,508 , 2328		
22:25:28,444 , 2328		
22:25:29,442 , 2328		
22:25:31,318 , 2328		
22:25:33,258 , 506EEE75		
22:25:35,130 , 2328		
22:25:36,943 , 2328		
22:25:38,883 , 2328		
22:25:40,756 , 2328		
22:25:42,693 , 2328		
22:25:43,692 , 2328		
22:25:45,569 , 2328		
22:25:47,381 , 7F0760C8		
22:25:49,318 , 2328		
22:25:51,193 , 2328		
22:25:53,130 , 2328		
22:25:55,005 , 2328		
22:25:56,005 , 2328		
22:25:57,819 , 2328		
22:25:59,757 , 2328		
22:26:01,630 , 2328		
22:26:03,568 , 2328		
22:26:05,443 , 2328		
22:26:07,255 , 2328		
22:26:09,193 , 7F0760C8		
22:26:11,068 , ECDE4696		
22:26:13,007 , 2328		
22:26:14,881 , 2328		
22:26:16,818 , 2328		
22:26:18,630 , 8F30752		
22:26:20,506 , 2328		
22:26:21,505 , 2328		
22:26:23,444 , 2328		
22:26:25,318 , 2328		
22:26:27,258 , 8F30752		
22:26:29,068 , 2328		
22:26:31,942 , 7F0760C8		
22:26:33,882 , 2328		
22:26:35,755 , 2328		
22:26:37,570 , 2328		
22:26:39,505 , 1FE3EA4F		
22:26:41,382 , 7F0760C8		
22:26:43,318 , 2328		
22:26:45,193 , 2328		
22:26:47,131 , 2328		
22:26:49,005 , 2328		
22:26:50,820 , 2328		
22:26:52,757 , 2328		
22:26:54,632 , 2328		
22:26:56,569 , ACC9A1F6		
22:26:57,568 , 7F0760C8		
22:26:59,442 , 7F0760C8		
22:27:01,381 , 2328		
22:27:03,256 , 2328		
22:27:05,069 , 7F0760C8		
22:27:07,007 , 2328		
22:27:08,881 , 84B8B6D2		
22:27:09,879 , 7F0760C8		
22:27:11,819 , 2328		
22:27:13,692 , 2328		
22:27:15,506 , 911A96B2		
22:27:17,443 , 7F0760C8		
22:27:19,318 , 7F0760C8		
22:27:21,257 , 2328		
22:27:23,130 , 2328		
22:27:25,070 , 0		
22:27:26,817 , 2328		
22:27:27,945 , 2328		
22:27:28,881 , 2328		
22:27:30,755 , 911A96B2		
22:27:32,694 , 7F0760C8		
22:27:34,567 , 2328		
22:27:36,506 , 2328		
22:27:38,383 , 2328		
22:27:40,194 , 2328		
22:27:42,132 , CC27B368		
22:27:44,005 , 2328		
22:27:45,944 , 7F0760C8		
22:27:47,757 , 2328		
22:27:49,630 , 2328		
22:27:51,568 , 7F0760C8		
22:27:53,443 , 7F0760C8		
22:27:55,380 , 2328		
22:27:57,257 , 2328		
22:27:59,068 , 2328		
22:28:00,067 , 2328		
22:28:02,006 , 7F0760C8		
22:28:03,879 , 2328		
22:28:05,819 , 2328		
22:28:07,693 , 1AF66ED5		
22:28:09,506 , 2328		
22:28:10,506 , 2328		
22:28:11,505 , 2328		
22:28:13,443 , 911A96B2		
22:28:15,319 , 7F0760C8		
22:28:17,131 , 7F0760C8		
22:28:19,005 , 2328		
22:28:20,942 , 2328		
22:28:22,820 , 2328		
22:28:24,757 , CC27B368		
22:28:26,693 , CC27B368		
22:28:28,507 , 7F0760C8		
22:28:30,381 , 2328		
22:28:32,318 , 2328		
22:28:34,192 , 7F0760C8		
22:28:36,006 , 2328		
22:28:37,944 , 2328		
22:28:39,818 , 7F0760C8		
22:28:41,755 , 2328		
22:28:43,631 , 2328		
22:28:45,442 , 2328		
22:28:47,317 , 378CD585		
22:28:49,257 , 6A30D976		
22:28:51,132 , 7F0760C8		
22:28:53,067 , 7F0760C8		
22:28:54,942 , 2328		
22:28:56,755 , 2328		
22:28:58,693 , 7F0760C8		
22:29:00,567 , ADDA7532		
22:29:01,569 , 2328		
22:29:03,505 , 2328		
22:29:05,380 , 2328		
22:29:07,318 , 7F0760C8		
22:29:09,130 , 2328		
22:29:11,005 , 616E71F2		
22:29:12,006 , 2328		
22:29:13,945 , 2328		
22:29:15,819 , 2328		
22:29:17,755 , 2328		
22:29:19,569 , 8F30752		
22:29:21,445 , 7F0760C8		
22:29:23,383 , 7F0760C8		
22:29:25,255 , 2328		
22:29:27,193 , FDFDE522		
22:29:29,069 , 2328		
22:29:30,068 , 2328		
22:29:31,880 , 8DCDAE60		
22:29:33,820 , 2328		
22:29:34,821 , 2328		
22:29:36,694 , 2328		
22:29:38,632 , 2328		
22:29:40,443 , 2328		
22:29:42,319 , 78438716		
22:29:44,256 , 7F0760C8		
22:29:46,131 , 2328		
22:29:48,068 , 7F0760C8		
22:29:49,881 , 2328		
22:29:51,754 , 7F0760C8		
22:29:53,695 , 7F0760C8		
22:29:55,567 , 2328		
22:29:57,507 , 2328		
22:29:59,380 , ACC9A1F6		
22:30:00,381 , 2328		
22:30:02,317 , B9D2D95F		
22:30:04,131 , 2328		
22:30:06,005 , 2328		
22:30:07,943 , 2328		
22:30:09,820 , 2328		
22:30:11,756 , 84B8B6D2		
22:30:12,757 , 2328		
22:30:14,570 , 2328		
22:30:16,445 , 2328		
22:30:18,381 , 2328		
22:30:20,257 , 2A439CA4		
22:30:22,193 , 7F0760C8		
22:30:24,068 , 2328		
22:30:25,880 , 2328		
22:30:27,819 , 0		
22:30:29,694 , 2328		
22:30:30,693 , 7F0760C8		
22:30:32,629 , 2328		
22:30:34,506 , 2328		
22:30:36,319 , 2328		
22:30:38,255 , D63F5E92		
22:30:40,131 , 2328		
22:30:42,069 , 2328		
22:30:43,942 , 2328		
22:30:45,881 , 7F0760C8		
22:30:47,692 , 2328		
22:30:49,568 , 2328		
22:30:51,507 , 2328		
22:30:53,379 , 2328		
22:30:55,318 , 2328		
22:30:57,193 , 911A96B2		
22:30:59,005 , 2328		
22:31:00,005 , 2328		
22:31:01,944 , 2328		
22:31:03,818 , 2328		
22:31:05,755 , 2328		
22:31:07,631 , 2328		
22:31:09,442 , 2328		
22:31:11,382 , 2328		
22:31:13,257 , 2328		
22:31:15,192 , 2328		
22:31:17,067 , 2328		
22:31:19,006 , 67874047		
22:31:20,757 , 7654AAC4		
22:31:21,069 , 7CBB0B2E		
22:31:22,693 , C235C82E		
22:31:24,007 , 304CFA09		
22:31:24,568 , 2328		
22:31:26,505 , 2328		
22:31:28,379 , 2328		
22:31:30,193 , 2328		
22:31:32,130 , 7F0760C8		
22:31:34,006 , 2328		
22:31:35,943 , 2328		
22:31:37,819 , 2328		
22:31:39,755 , 25A1E372		
22:31:41,630 , 2328		
22:31:43,443 , 2328		
22:31:45,382 , 2328		
22:31:47,255 , 2328		
22:31:49,195 , 2328		
22:31:50,193 , 2A439CA4		
22:31:52,067 , 7F0760C8		
22:31:53,881 , 7F0760C8		
22:31:55,818 , D63F5E92		
22:31:57,694 , 2328		
22:31:59,631 , 2328		
22:32:00,631 , 2328		
22:32:02,508 , CC27B368		
22:32:04,380 , 2328		
22:32:06,256 , 3CB4BE7E		
22:32:07,568 , 7F420E6D		
22:32:08,131 , 2328		
22:32:10,070 , 2328		
22:32:11,943 , 7F0760C8		
22:32:13,881 , 29CE24F0		
22:32:15,005 , 11B6052F		
22:32:15,819 , 2328		
22:32:17,569 , C7F845F0		
22:32:19,505 , 3BB9461B		
22:32:21,380 , 34CCC890		
22:32:23,318 , 5733C29C		
22:32:25,193 , 7F0760C8		
22:32:26,193 , 2328		
22:32:28,130 , CC27B368		
22:32:29,943 , 2328		
22:32:31,819 , 2328		
22:32:33,756 , 7F0760C8		
22:32:35,631 , 7F0760C8		
22:32:37,569 , BDE3648E		
22:32:38,631 , 2A44904E		
22:32:39,381 , 2328		
22:32:41,256 , 2328		
22:32:43,192 , 2328		
22:32:45,068 , 2328		
22:32:47,005 , 7F0760C8		
22:32:48,880 , 7F0760C8		
22:32:50,693 , 2328		
22:32:52,632 , 2328		
22:32:54,504 , 7F0760C8		
22:32:56,444 , 2328		
22:32:58,318 , 2328		
22:33:00,131 , 2328		
22:33:02,068 , 2328		
22:33:03,943 , 2328		
22:33:05,879 , 2328		
22:33:07,755 , 2328		
22:33:09,567 , 7FCA4AF		
22:33:09,693 , 8986812		
22:33:11,507 , 2328		
22:33:13,382 , 2328		
22:33:15,319 , 3C2A49E4		
22:33:17,193 , 2328		
22:33:18,193 , 2328		
22:33:20,006 , 2328		
22:33:21,943 , 7F0760C8		
22:33:23,817 , 2328		
22:33:25,755 , 78438716		
22:33:27,630 , 2328		
22:33:29,443 , 7F0760C8		
22:33:31,383 , 2328		
22:33:33,255 , 2328		
22:33:35,194 , 2328		
22:33:37,067 , 2328		
22:33:39,004 , 33789FC7		
22:33:40,820 , 2328		
22:33:42,692 , ACC9A1F6		
22:33:43,692 , 2328		
22:33:45,629 , 2328		
22:33:47,506 , 7F0760C8		
22:33:49,442 , 2328		
22:33:51,319 , 2328		
22:33:53,131 , 2328		
22:33:55,069 , 84B8B6D2		
22:33:56,068 , 7F0760C8		
22:33:57,942 , 2328		
22:33:59,880 , 2328		
22:34:01,755 , 911A96B2		
22:34:03,568 , 2328		
22:34:05,508 , 7F0760C8		
22:34:07,380 , 2328		
22:34:09,320 , 7F0760C8		
22:34:11,192 , A2A8CC4E		
22:34:11,881 , 0		
22:34:13,006 , 7F0760C8		
22:34:14,008 , B77C44D7		
22:34:15,506 , 79CA15A7		
22:34:15,942 , 824130B3		
22:34:17,817 , 41F8EAD0		
22:34:24,445 , 1B662DB3		
22:34:25,442 , 2328		
22:34:27,318 , 2328		
22:34:29,255 , 2328		
22:34:31,069 , 2328		
22:34:32,943 , 78438716		
22:34:34,879 , 7F0760C8		
22:34:36,755 , 7F0760C8		
22:34:38,694 , 7F0760C8		
22:34:40,568 , 2328		
22:34:42,380 , 634B0C85		
22:34:43,005 , 2328		
22:34:44,319 , 2328		
22:34:46,193 , 2328		
22:34:48,131 , 2328		
22:34:50,005 , 2328		
22:34:51,005 , 2328		
22:34:52,818 , 7F0760C8		
22:34:54,756 , 2328		
22:34:56,631 , 7F0760C8		
22:34:58,569 , 2328		
22:35:00,443 , 2328		
22:35:02,255 , 2328		
22:35:04,194 , 78438716		
22:35:06,069 , 2328		
22:35:08,006 , ECDE4696		
22:35:09,882 , 2328		
22:35:11,692 , 7F0760C8		
22:35:13,630 , 465A443		
22:35:14,131 , 2328		
22:35:15,508 , 2328		
22:35:17,442 , 7F0760C8		
22:35:19,317 , 2328		
22:35:21,131 , 7F0760C8		
22:35:23,007 , 2328		
22:35:24,943 , 8C5099A9		
22:35:26,818 , F3AFDAF2		
22:35:28,754 , 2328		
22:35:30,630 , 2328		
22:35:32,443 , 2328		
22:35:34,380 , CC27B368		
22:35:36,319 , 7F0760C8		
22:35:38,194 , 2328		
22:35:40,070 , 2328		
22:35:41,882 , A582222C		
22:35:43,818 , 17E8DCD8		
22:35:45,192 , D853768F		
22:35:45,695 , 2328		
22:35:47,630 , 4D51BA56		
22:35:49,507 , 2328		
22:35:51,442 , 7F0760C8		
22:35:53,257 , 2328		
22:35:55,131 , 2328		
22:35:57,068 , 2328		
22:35:58,944 , 7F0760C8		
22:36:00,757 , 2328		
22:36:02,693 , 7F0760C8		
22:36:04,568 , 84B8B6D2		
22:36:05,568 , 2328		
22:36:07,505 , 911A96B2		
22:36:09,379 , 2328		
22:36:11,195 , 2328		
22:36:13,131 , E437E340		
22:36:15,007 , 8F3A527E		
22:36:16,944 , 7F0760C8		
22:36:18,757 , 2328		
22:36:20,631 , 2328		
22:36:22,568 , 2328		
22:36:24,443 , 84B8B6D2		
22:36:26,383 , 2328		
22:36:28,193 , EC07259B		
22:36:30,070 , 2328		
22:36:32,007 , 2328		
22:36:33,880 , 2328		
22:36:35,817 , 2328		
22:36:36,819 , 2328		
22:36:38,631 , 2328		
22:36:40,507 , 2328		
22:36:42,442 , 2328		
22:36:44,320 , 2328		
22:36:46,255 , 7F0760C8		
22:36:48,132 , 2328		
22:36:49,942 , 2328		
22:36:51,880 , 2328		
22:36:53,757 , 2328		
22:36:55,692 , 7F0760C8		
22:36:57,567 , 7F0760C8		
22:36:59,508 , 2328		
22:37:01,317 , 2328		
22:37:03,193 , 2328		
22:37:04,195 , 2328		
22:37:06,130 , 2328		
22:37:08,007 , 7F0760C8		
22:37:09,820 , 7F0760C8		
22:37:11,757 , ADC11CDC		
22:37:12,943 , 380EC38E		
22:37:13,630 , 2328		
22:37:15,568 , 2328		
22:37:17,443 , 6B3E0C66		
22:37:18,443 , 2328		
22:37:20,256 , 7F0760C8		
22:37:22,195 , 2328		
22:37:24,067 , 7F0760C8		
22:37:26,005 , 1B227184		
22:37:27,883 , 7F0760C8		
22:37:29,818 , 2328		
22:37:31,632 , 2328		
22:37:33,505 , 2328		
22:37:35,443 , CC27B368		
22:37:37,317 , 2328		
22:37:39,257 , 2328		
22:37:41,067 , 2328		
22:37:42,942 , 528DF82F		
22:37:44,068 , 38A706F8		
22:37:44,881 , 2328		
22:37:46,757 , 6B3E0C66		
22:37:48,694 , 2328		
22:37:50,504 , 2328		
22:37:52,384 , 2328		
22:37:54,318 , 7F0760C8		
22:37:56,194 , 2328		
22:37:58,130 , 7F0760C8		
22:37:59,943 , 2328		
22:38:01,819 , 2328		
22:38:03,756 , 2328		
22:38:05,629 , 616E71F2		
22:38:07,570 , 2328		
22:38:09,320 , 2328		
22:38:10,380 , 2328		
22:38:12,254 , 2328		
22:38:13,254 , A5C6D3D9		
22:38:15,192 , 49ECF7E0		
22:38:16,379 , 65934D29		
22:38:17,068 , 6C49BF82		
22:38:22,694 , 2328		
22:38:24,568 , F7B01BBC		
22:38:26,505 , A415B1DC		
22:38:28,382 , 7F0760C8		
22:38:29,383 , 7F0760C8		
22:38:31,192 , 2328		
22:38:33,130 , 2328		
22:38:35,006 , 2328		
22:38:36,942 , 78438716		
22:38:38,819 , 7F0760C8		
22:38:40,632 , 7F0760C8		
22:38:42,568 , 2328		
22:38:44,442 , 214F86FE		
22:38:46,257 , 63E2D652		
22:38:46,318 , 2328		
22:38:48,255 , 2328		
22:38:50,134 , 2328		
22:38:51,943 , 1B375285		
22:38:53,255 , E0BB2712		
22:38:53,880 , 7CBB0B2E		
22:38:55,758 , 29802FD8		
22:38:57,693 , 48D95783		
22:38:59,567 , C71C9FDC		
22:39:01,504 , 9CBD7DB8		
22:39:03,382 , B58058D9		
22:39:05,320 , 2500B10E		
22:39:07,069 , FB3122A		
22:39:09,005 , 34677EB9		
22:39:10,880 , 1B54E5C7		
22:39:12,818 , 43C75C09		
22:39:14,694 , 8F4F7CF0		
22:39:16,631 , 816C8D68		
22:39:17,318 , 2A439CA4		
22:39:18,507 , 2328		
22:39:20,321 , F23DD155		
22:39:22,757 , 2328		
22:39:23,256 , B55C98CE		
22:39:26,943 , 2328		
22:39:28,817 , 63B21948		
22:39:30,755 , D5CDF657		
22:39:32,631 , 7F0760C8		
22:39:34,567 , 2328		
22:39:36,444 , 2328		
22:39:38,255 , 2328		
22:39:40,194 , 2328		
22:39:42,068 , 2328		
22:39:44,005 , 2328		
22:39:45,881 , 2328		
22:39:47,817 , 15F49833		
22:39:48,380 , 7F0760C8		
22:39:50,630 , 979D7835		
22:39:51,005 , 2328		
22:39:52,505 , 1F6F39A0		
22:39:54,444 , 70EA4603		
22:39:56,317 , 84B8B6D2		
22:40:01,131 , 2328		
22:40:02,943 , 2328		
22:40:04,882 , 2328		
22:40:06,756 , 2328		
22:40:08,693 , 2A439CA4		
22:40:10,570 , 2328		
22:40:12,380 , 2328		
22:40:14,256 , 2328		
22:40:16,194 , 0		
22:40:18,070 , 2328		
22:40:19,131 , B25FE5BA		
22:40:19,505 , 2328		
22:40:21,005 , 2328		
22:40:22,818 , 2328		
22:40:24,693 , 2328		
22:40:26,630 , D63F5E92		
22:40:28,568 , 7F0760C8		
22:40:30,443 , 7F0760C8		
22:40:32,256 , 2328		
22:40:34,130 , 7F0760C8		
22:40:36,068 , 7F0760C8		
22:40:37,945 , 2328		
22:40:39,882 , 2328		
22:40:41,754 , 7F0760C8		
22:40:42,755 , 2328		
22:40:44,695 , DDC9D7C		
22:40:46,507 , 2328		
22:40:48,380 , 7F0760C8		
22:40:50,318 , BD70A8D4		
22:40:50,630 , 2328		
22:40:52,195 , 2328		
22:40:54,133 , 2328		
22:40:55,942 , 84B8B6D2		
22:40:56,946 , 2328		
22:40:58,819 , 2328		
22:41:00,755 , 2328		
22:41:02,695 , 2328		
22:41:04,444 , 2328		
22:41:06,381 , 2328		
22:41:08,256 , 7F0760C8		
22:41:10,195 , 2328		
22:41:12,067 , 7F0760C8		
22:41:13,881 , CC27B368		
22:41:15,818 , A309D80E		
22:41:16,819 , 2328		
22:41:18,692 , 7F0760C8		
22:41:20,630 , 6DD3A430		
22:41:21,693 , 8A482904		
22:41:22,506 , 7F0760C8		
22:41:24,444 , 2328		
22:41:26,320 , DDC9D7C		
22:41:28,130 , 2328		
22:41:30,069 , 2328		
22:41:31,944 , 7F0760C8		
22:41:34,757 , 2328		
22:41:35,756 , 7F0760C8		
22:41:37,694 , 2328		
22:41:39,568 , 7F0760C8		
22:41:41,506 , 2328		
22:41:43,381 , 3117E0E3		
22:41:45,193 , 2328		
22:41:47,131 , 2328		
22:41:49,007 , CC27B368		
22:41:50,943 , 2328		
22:41:51,943 , FEAC02E5		
22:41:52,821 , 2328		
22:41:53,818 , 7F0760C8		
22:41:55,757 , 2328		
22:41:57,568 , 7F0760C8		
22:41:59,443 , 2328		
22:42:00,442 , 2328		
22:42:02,382 , 2328		
22:42:04,255 , 2328		
22:42:06,193 , 7F0760C8		
22:42:08,005 , 7F0760C8		
22:42:09,881 , 6A30D976		
22:42:11,819 , 2328		
22:42:13,693 , 2328		
22:42:15,630 , 2328		
22:42:17,442 , 2328		
22:42:19,319 , 2328		
22:42:21,256 , 7F0760C8		
22:42:23,131 , 28CAD63		
22:42:23,944 , 1D2A6F3B		
22:42:24,255 , 2328		
22:42:25,067 , DDC9D7C		
22:42:26,880 , 2328		
22:42:27,881 , 7F0760C8		
22:42:29,755 , 2328		
22:42:31,693 , 7F0760C8		
22:42:33,569 , 2328		
22:42:35,507 , 7F0760C8		
22:42:37,255 , 1AF66ED5		
22:42:39,192 , 2328		
22:42:40,193 , 2328		
22:42:42,069 , 2328		
22:42:44,006 , 2328		
22:42:45,819 , 2328		
22:42:47,693 , 78438716		
22:42:49,632 , 2328		
22:42:51,505 , 7F0760C8		
22:42:53,444 , 4B9C4182		
22:42:54,942 , 2328		
22:42:57,130 , 2328		
22:42:59,068 , 2328		
22:43:00,943 , 2328		
22:43:02,883 , 2328		
22:43:04,756 , 2328		
22:43:05,756 , 7F0760C8		
22:43:07,692 , 7F0760C8		
22:43:09,507 , 7F0760C8		
22:43:11,381 , 2328		
22:43:13,318 , D3855D2		
22:43:14,317 , 2328		
22:43:16,193 , 2328		
22:43:18,132 , 7F0760C8		
22:43:20,007 , 2328		
22:43:21,942 , 2328		
22:43:23,757 , 2328		
22:43:25,630 , 9251594C		
22:43:26,067 , 2328		
22:43:27,569 , 7F0760C8		
22:43:30,380 , 2328		
22:43:32,254 , 2328		
22:43:34,193 , 2328		
22:43:36,068 , 2328		
22:43:38,007 , 7F0760C8		
22:43:39,817 , D63F5E92		
22:43:41,693 , 7F0760C8		
22:43:43,630 , 2328		
22:43:45,507 , 2328		
22:43:47,442 , 2328		
22:43:49,318 , 7F0760C8		
22:43:51,257 , 2328		
22:43:53,069 , 2328		
22:43:54,943 , ACC9A1F6		
22:43:55,945 , 1F9B781C		
22:43:57,130 , A8B45049		
22:43:57,883 , 2328		
22:43:59,755 , 7F0760C8		
22:44:01,693 , 2328		
22:44:03,505 , 2328		
22:44:05,380 , 2328		
22:44:07,318 , 84B8B6D2		
22:44:08,318 , 2328		
22:44:10,193 , 2328		
22:44:12,005 , 2328		
22:44:13,943 , 2328		
22:44:15,819 , 2A439CA4		
22:44:17,757 , 2328		
22:44:19,629 , 7F0760C8		
22:44:21,568 , 2328		
22:44:23,379 , 2328		
22:44:25,256 , 2328		
22:44:27,193 , 8E7CF2FF		
22:44:28,255 , 5009F7F8		
22:44:29,069 , 2328		
22:44:31,005 , 2328		
22:44:32,882 , 2328		
22:44:34,692 , 2328		
22:44:36,631 , 2328		
22:44:38,505 , 2328		
22:44:40,443 , 2328		
22:44:42,320 , 7F0760C8		
22:44:43,318 , 2328		
22:44:45,130 , 2328		
22:44:47,069 , 2328		
22:44:48,944 , 2328		
22:44:50,880 , 2328		
22:44:52,756 , 8F11209F		
22:44:54,568 , 2328		
22:44:55,569 , 2328		
22:44:57,507 , 2328		
22:44:59,381 , 2328		
22:45:01,317 , 2328		
22:45:03,130 , 7F0760C8		
22:45:05,005 , D63F5E92		
22:45:06,943 , 7F0760C8		
22:45:08,818 , 7F0760C8		
22:45:10,756 , 2328		
22:45:12,630 , 2328		
22:45:14,443 , 7F0760C8		
22:45:16,382 , 2328		
22:45:18,257 , 7F0760C8		
22:45:20,194 , 2328		
22:45:22,068 , 2328		
22:45:24,006 , 2328		
22:45:25,819 , 7F0760C8		
22:45:27,693 , 7F0760C8		
22:45:29,630 , 7F0760C8		
22:45:31,506 , 2328		
22:45:33,443 , 2328		
22:45:35,255 , 2328		
22:45:37,130 , E0F121B6		
22:45:39,069 , 2328		
22:45:40,943 , 1C48B7C4		
22:45:41,567 , 2328		
22:45:42,880 , 7F0760C8		
22:45:44,694 , 2328		
22:45:46,569 , 34CA915		
22:45:48,504 , 7F0760C8		
22:45:49,505 , 7F0760C8		
22:45:51,381 , 2328		
22:45:53,318 , 2328		
22:45:55,195 , 2328		
22:45:57,006 , 7F0760C8		
22:45:58,942 , D63F5E92		
22:46:00,819 , 2328		
22:46:02,757 , 2328		
22:46:04,631 , 2328		
22:46:06,443 , 2328		
22:46:08,380 , 2328		
22:46:10,257 , 2328		
22:46:12,192 , F26EF1C3		
22:46:12,693 , 2328		
22:46:14,068 , 2328		
22:46:15,067 , 2328		
22:46:17,006 , 7F0760C8		
22:46:18,820 , 7F0760C8		
22:46:20,693 , 2328		
22:46:21,692 , 2328		
22:46:23,631 , 7F0760C8		
22:46:25,505 , 7F0760C8		
22:46:27,443 , ADDA7532		
22:46:29,317 , 2328		
22:46:31,131 , 2328		
22:46:33,068 , 2328		
22:46:34,944 , 2328		
22:46:35,943 , 911A96B2		
22:46:37,880 , 2328		
22:46:39,756 , 2328		
22:46:41,568 , 7F0760C8		
22:46:43,505 , A5E334E3		
22:46:43,755 , 2328		
22:46:45,379 , 7F0760C8		
22:46:48,192 , 2328		
22:46:49,194 , 2328		
22:46:51,131 , 2328		
22:46:53,008 , 2328		
22:46:54,942 , 7F0760C8		
22:46:56,818 , 2328		
22:46:58,633 , 8DCDAE60		
22:47:00,508 , 2328		
22:47:01,507 , 2328		
22:47:02,567 , 2328		
22:47:04,445 , 911A96B2		
22:47:06,380 , 2328		
22:47:08,195 , 2328		
22:47:10,070 , 7F0760C8		
22:47:12,006 , 2328		
22:47:13,879 , BF121468		
22:47:14,881 , CC27B368		
22:47:17,695 , CC27B368		
22:47:19,506 , 2328		
22:47:21,443 , 2328		
22:47:23,318 , 7F0760C8		
22:47:25,256 , 2328		
22:47:27,068 , 2328		
22:47:28,944 , 2328		
22:47:30,882 , 2328		
22:47:32,757 , 2328		
22:47:33,757 , 2328		
22:47:35,695 , 7F0760C8		
22:47:37,505 , 2328		
22:47:39,381 , 2328		
22:47:41,319 , 1AF66ED5		
22:47:43,068 , 2328		
22:47:44,129 , EFB7601D		
22:47:45,880 , 9967D75A		
22:47:46,008 , 2328		
22:47:47,882 , 2328		
22:47:49,818 , 7F0760C8		
22:47:51,756 , 78438716		
22:47:53,631 , 2328		
22:47:55,443 , 7F0760C8		
22:47:57,320 , 7F0760C8		
22:47:59,256 , 2328		
22:48:01,130 , 2328		
22:48:03,068 , 2328		
22:48:04,944 , 2328		
22:48:06,757 , 2328		
22:48:08,695 , ACC9A1F6		
22:48:09,693 , 2328		
22:48:11,570 , 2328		
22:48:13,506 , 2328		
22:48:15,381 , 3028222F		
22:48:17,005 , 2328		
22:48:17,193 , 2328		
22:48:19,130 , 2328		
22:48:21,008 , 84B8B6D2		
22:48:22,068 , 2328		
22:48:23,943 , 2328		
22:48:25,881 , 2328		
22:48:27,695 , 911A96B2		
22:48:29,570 , 2328		
22:48:31,504 , 7F0760C8		
22:48:33,380 , 2328		
22:48:35,319 , 7F0760C8		
22:48:37,194 , 0		
22:48:39,006 , 2328		
22:48:40,005 , 2328		
22:48:41,945 , 2328		
22:48:43,821 , 2328		
22:48:45,755 , 2328		
22:48:47,631 , 21259289		
22:48:48,130 , 7F0760C8		
22:48:49,442 , D63F5E92		
22:48:51,381 , 7F0760C8		
22:48:53,254 , 2328		
22:48:55,197 , 2328		
22:48:57,069 , 2328		
22:48:58,880 , 2328		
22:49:00,819 , 2328		
22:49:02,693 , 2328		
22:49:04,630 , 2328		
22:49:06,508 , 2328		
22:49:08,442 , 2328		
22:49:10,256 , 911A96B2		
22:49:12,131 , 7F0760C8		
22:49:14,008 , 7F0760C8		
22:49:15,943 , 2328		
22:49:17,819 , AAD0BEF2		
22:49:19,257 , 7F0760C8		
22:49:21,567 , 8C5099A9		
22:49:23,443 , 2328		
22:49:25,380 , 2328		
22:49:27,256 , ECDE4696		
22:49:29,192 , 2328		
22:49:31,070 , 2328		
22:49:32,068 , 2328		
22:49:33,882 , 2328		
22:49:35,817 , 7F0760C8		
22:49:37,694 , 7C075C11		
22:49:39,632 , 2328		
22:49:41,508 , 2328		
22:49:43,318 , CC27B368		
22:49:45,256 , 2328		
22:49:46,255 , 2328		
22:49:48,132 , 2328		
22:49:50,068 , 55080479		
22:49:50,380 , ACC9A1F6		
22:49:52,005 , 10B6039A		
22:49:53,881 , 2328		
22:49:55,692 , 2328		
22:49:57,570 , 2328		
22:49:59,506 , 7F0760C8		
22:50:01,383 , 2328		
22:50:03,317 , 7F0760C8		
22:50:05,130 , 7F0760C8		
22:50:07,006 , 2328		
22:50:08,945 , 2328		
22:50:10,820 , 2328		
22:50:12,756 , 10B6039A		
22:50:14,568 , CC3646F2		
22:50:16,445 , 2328		
22:50:17,442 , 2328		
22:50:19,380 , 2328		
22:50:21,255 , B2331C24		
22:50:21,379 , 2328		
22:50:23,069 , 2328		
22:50:25,007 , 78438716		
22:50:26,883 , 7F0760C8		
22:50:28,819 , 2328		
22:50:30,695 , 2328		
22:50:32,507 , 2328		
22:50:34,444 , 2328		
22:50:36,319 , 7F0760C8		
22:50:38,255 , 2328		
22:50:40,129 , 2328		
22:50:42,069 , 7F0760C8		
22:50:43,881 , 2328		
22:50:45,755 , 7F0760C8		
22:50:47,695 , 911A96B2		
22:50:49,569 , 7F0760C8		
22:50:51,507 , EB00BB4E		
22:50:52,505 , 4D51BA56		
22:50:55,318 , 2328		
22:50:57,131 , 2328		
22:50:59,005 , 7F0760C8		
22:51:00,944 , 2328		
22:51:02,818 , 2328		
22:51:04,756 , 2328		
22:51:06,506 , ECDE4696		
22:51:08,443 , 7F0760C8		
22:51:10,318 , 2328		
22:51:13,257 , 2328		
22:51:15,067 , CC3646F3		
22:51:16,943 , 7F0760C8		
22:51:17,944 , 2328		
22:51:18,944 , 2328		
22:51:20,881 , 911A96B2		
22:51:22,755 , 7F6784EA		
22:51:23,568 , 2328		
22:51:26,508 , 2328		
22:51:28,383 , 2328		
22:51:30,318 , 2328		
22:51:32,195 , CC27B368		
22:51:34,130 , 2328		
22:51:35,944 , 2328		
22:51:37,817 , 7F0760C8		
22:51:39,756 , 2328		
22:51:41,631 , 2328		
22:51:43,446 , 7F0760C8		
22:51:45,379 , 2328		
22:51:47,256 , 7F0760C8		
22:51:48,254 , 7F0760C8		
22:51:50,196 , 7F0760C8		
22:51:52,067 , 2328		
22:51:54,007 , C67F4CA6		
22:51:54,695 , 7F0760C8		
22:51:55,817 , 2328		
22:51:57,695 , 1AF66ED5		
22:51:59,631 , 7F0760C8		
22:52:00,631 , 2328		
22:52:01,632 , 2328		
22:52:03,506 , 911A96B2		
22:52:05,320 , 7F0760C8		
22:52:07,256 , 2328		
22:52:09,131 , 7F0760C8		
22:52:11,006 , 2328		
22:52:12,942 , 2328		
22:52:14,757 , CC27B368		
22:52:16,633 , 7F0760C8		
22:52:18,567 , 2328		
22:52:20,443 , B16A3DD0		
22:52:22,069 , 5B860413		
22:52:26,068 , 824CD3AA		
22:52:28,007 , 63B21948		
22:52:29,882 , A8A8B1AE		
22:52:30,880 , 814EFF9A		
22:52:32,818 , 5733C29D		
22:52:34,693 , E5A8C6D		
22:52:38,382 , B55C98CE		
22:52:40,318 , 3741542E		
22:52:42,192 , F8585419		
22:52:43,195 , 22EFBC2E		
22:52:45,133 , 11B6052E		
22:52:48,820 , 2328		
22:52:50,755 , 2328		
22:52:52,631 , 7F0760C8		
22:52:54,568 , 7F0760C8		
22:52:56,381 , 678BCAF5		
22:52:56,882 , 2328		
22:52:58,258 , 7120EC68		
22:52:59,256 , 84091294		
22:53:00,192 , 6D8FC5D6		
22:53:02,068 , 63001C22		
22:53:03,942 , 2328		
22:53:07,756 , 2328		
22:53:09,569 , 2328		
22:53:11,509 , 2328		
22:53:13,381 , ADDA7532		
22:53:15,319 , 7F0760C8		
22:53:17,193 , 7F0760C8		
22:53:19,130 , 7F0760C8		
22:53:20,945 , C871391		
22:53:22,818 , 185FB746		
22:53:24,756 , F5B5187C		
22:53:26,631 , 39F03582		
22:53:28,505 , 2328		
22:53:30,446 , 2328		
22:53:32,256 , 2328		
22:53:34,130 , 2328		
22:53:36,068 , C4CB5A36		
22:53:37,943 , CC27B368		
22:53:39,880 , 2328		
22:53:41,692 , 2328		
22:53:43,568 , 7F0760C8		
22:53:45,507 , 2328		
22:53:47,381 , 2328		
22:53:49,318 , 2328		
22:53:51,192 , 7F0760C8		
22:53:53,005 , 2328		
22:53:54,005 , 7F0760C8		
22:53:55,944 , 378CD585		
22:53:57,819 , 1A86ADC6		
22:53:59,067 , 34CCC890		
22:53:59,755 , 2328		
22:54:01,632 , 2328		
22:54:02,631 , 2328		
22:54:04,568 , 7F0760C8		
22:54:06,380 , 378CD585		
22:54:08,257 , 2328		
22:54:10,194 , 2328		
22:54:12,071 , 7F0760C8		
22:54:14,006 , 2328		
22:54:15,881 , 2328		
22:54:16,880 , 2328		
22:54:18,694 , F3AFDAF2		
22:54:20,630 , 2328		
22:54:22,508 , 2328		
22:54:24,443 , 2328		
22:54:25,445 , 2328		
22:54:27,380 , 2328		
22:54:29,130 , BB1A1513		
22:54:30,132 , 2328		
22:54:31,067 , 2328		
22:54:33,006 , 2328		
22:54:34,880 , 2328		
22:54:36,820 , FCD70FA5		
22:54:38,694 , 2328		
22:54:39,632 , 2328		
22:54:41,507 , 2328		
22:54:43,443 , 2328		
22:54:45,318 , 2328		
22:54:47,254 , 7F0760C8		
22:54:49,007 , 2328		
22:54:50,945 , 7F0760C8		
22:54:52,817 , 2328		
22:54:54,755 , 4256F9AA		
22:54:56,631 , 7F0760C8		
22:54:57,632 , 2328		
22:54:59,443 , 97D91556		
22:55:01,257 , 34677EB8		
22:55:01,381 , 2328		
22:55:03,254 , 2328		
22:55:05,194 , 78438716		
22:55:07,067 , 7F0760C8		
22:55:08,880 , 7F0760C8		
22:55:10,817 , 2328		
22:55:12,694 , 2328		
22:55:14,631 , 2328		
22:55:16,506 , 2328		
22:55:18,318 , 2328		
22:55:20,255 , 2328		
22:55:22,130 , ACC9A1F6		
22:55:23,131 , 7F0760C8		
22:55:25,068 , 7F0760C8		
22:55:26,945 , 2328		
22:55:28,755 , 2328		
22:55:30,693 , AADFEADC		
22:55:32,381 , 8D985849		
22:55:32,568 , 2328		
22:55:34,507 , 84B8B6D2		
22:55:35,506 , 2328		
22:55:37,381 , 2328		
22:55:39,194 , 2328		
22:55:41,130 , 911A96B2		
22:55:43,005 , 7F0760C8		
22:55:44,942 , 7F0760C8		
22:55:46,820 , 2328		
22:55:48,756 , 7F0760C8		
22:55:50,568 , 0		
22:55:52,445 , 2328		
22:55:53,443 , 2328		
22:55:55,380 , 2328		
22:55:57,255 , 7F0760C8		
22:55:59,067 , 2328		
22:56:01,007 , 78438716		
22:56:02,881 , C75822A7		
22:56:03,506 , 7F0760C8		
22:56:04,819 , 2328		
22:56:06,693 , 2328		
22:56:08,507 , 2328		
22:56:10,443 , 2328		
22:56:12,320 , 7F0760C8		
22:56:14,257 , 2328		
22:56:16,132 , 2328		
22:56:18,069 , ACC9A1F6		
22:56:19,068 , 2328		
22:56:20,880 , 7F0760C8		
22:56:22,757 , 2328		
22:56:24,694 , 7F0760C8		
22:56:26,568 , 7F0760C8		
22:56:28,382 , 2328		
22:56:30,317 , 84B8B6D2		
22:56:31,318 , 2328		
22:56:33,192 , 70CF8574		
22:56:34,505 , 5C70D76B		
22:56:35,130 , 2328		
22:56:37,008 , 911A96B2		
22:56:38,942 , 2328		
22:56:40,757 , 7F0760C8		
22:56:41,757 , 7F0760C8		
22:56:43,632 , 627BF5BE		
22:56:43,757 , 2328		
22:56:45,568 , 2328		
22:56:47,442 , 2328		
22:56:48,442 , 2328		
22:56:50,380 , 2328		
22:56:52,193 , 7F0760C8		
22:56:54,068 , 2328		
22:56:56,005 , 2328		
22:56:57,881 , 2328		
22:56:59,818 , 2328		
22:57:01,630 , 2328		
22:57:03,505 , 2328		
22:57:05,444 , 2328		
22:57:08,255 , 2328		
22:57:10,130 , CC3646F3		
22:57:12,068 , 7F0760C8		
22:57:13,069 , 2328		
22:57:14,068 , 2328		
22:57:15,942 , 911A96B2		
22:57:17,756 , 7F0760C8		
22:57:19,693 , 2328		
22:57:21,568 , 2328		
22:57:23,505 , 7F0760C8		
22:57:25,380 , 2328		
22:57:27,194 , CC27B368		
22:57:29,130 , 2328		
22:57:31,006 , 7F0760C8		
22:57:32,944 , 7F0760C8		
22:57:34,692 , 2328		
22:57:36,632 , 2328		
22:57:38,505 , 7F0760C8		
22:57:40,445 , 2328		
22:57:42,321 , 2328		
22:57:43,256 , 7F0760C8		
22:57:45,132 , 7F0760C8		
22:57:47,067 , 2328		
22:57:49,007 , 7F0760C8		
22:57:50,882 , 2328		
22:57:52,693 , 1AF66ED5		
22:57:54,567 , 2328		
22:57:55,569 , 2328		
22:57:57,506 , 2328		
22:57:59,380 , CC3646F3		
22:58:01,193 , 2328		
22:58:02,194 , 2328		
22:58:04,131 , 2328		
22:58:05,130 , 7F0760C8		
22:58:07,005 , 7F0760C8		
22:58:07,944 , 2328		
22:58:09,818 , 2328		
22:58:11,758 , 2328		
22:58:13,630 , 2328		
22:58:15,568 , 2328		
22:58:17,381 , 2328		
22:58:19,317 , 7F0760C8		
22:58:21,194 , 7F0760C8		
22:58:23,133 , 7F0760C8		
22:58:25,005 , 2328		
22:58:26,818 , 2328		
22:58:28,693 , 2328		
22:58:30,630 , 2328		
22:58:32,506 , 2328		
22:58:33,567 , 7F0760C8		
22:58:35,444 , 506EEE75		
22:58:37,258 , 7F0760C8		
22:58:39,132 , 4B6BC0C8		
22:58:39,381 , 7F0760C8		
22:58:41,068 , 2328		
22:58:42,068 , 2328		
22:58:44,004 , 2328		
22:58:45,881 , 506EEE75		
22:58:47,818 , 2328		
22:58:49,630 , 2328		
22:58:51,506 , 7F0760C8		
22:58:53,443 , 7F0760C8		
22:58:55,318 , 2328		
22:58:56,317 , 2328		
22:58:58,256 , 2328		
22:59:00,068 , 2328		
22:59:01,944 , 2328		
22:59:03,881 , 2328		
22:59:05,756 , 7F0760C8		
22:59:07,569 , CC27B368		
22:59:09,504 , 45EF6642		
22:59:10,504 , 2328		
22:59:11,382 , 7F0760C8		
22:59:13,318 , 2328		
22:59:15,192 , 2328		
22:59:17,006 , 7F0760C8		
22:59:18,880 , 2328		
22:59:20,819 , 2256ED0F		
22:59:21,505 , 2328		
22:59:22,755 , 2328		
22:59:24,631 , 7F0760C8		
22:59:25,507 , 78438716		
22:59:27,445 , 2328		
22:59:29,320 , 7F0760C8		
22:59:31,256 , 7F0760C8		
22:59:33,192 , 2328		
22:59:34,943 , 2328		
22:59:36,883 , 7F0760C8		
22:59:38,819 , 7F0760C8		
22:59:40,692 , 992BCC		
22:59:42,567 , 2328		
22:59:43,631 , 2328		
22:59:45,381 , 2328		
22:59:47,319 , 2328		
22:59:49,255 , 2328		
22:59:51,132 , 617CA778		
22:59:52,632 , B38CEE9B		
22:59:52,945 , 7F0760C8		
22:59:54,820 , 2328		
22:59:56,757 , CC27B368		
22:59:58,694 , FDFDE523		
23:00:00,568 , 7F0760C8		
23:00:01,567 , 2328		
23:00:02,567 , 2328		
23:00:04,380 , 911A96B2		
23:00:06,320 , 2328		
23:00:08,194 , 7F0760C8		
23:00:10,131 , 2328		
23:00:11,945 , 2328		
23:00:13,819 , 2328		
23:00:15,758 , CC27B368		
23:00:17,630 , C4CB5A36		
23:00:18,633 , 7F0760C8		
23:00:20,567 , 7F0760C8		
23:00:22,442 , 60A372A7		
23:00:23,758 , 11B6052F		
23:00:24,256 , 4A854502		
23:00:26,194 , 2328		
23:00:27,193 , 2328		
23:00:29,068 , 2328		
23:00:31,006 , 2328		
23:00:32,818 , 7F0760C8		
23:00:34,692 , 7F0760C8		
23:00:36,631 , 7F0760C8		
23:00:38,507 , 2328		
23:00:40,445 , 2328		
23:00:42,257 , 2328		
23:00:44,131 , 2328		
23:00:46,069 , 2328		
23:00:47,944 , 2328		
23:00:49,881 , 2328		
23:00:51,693 , 2328		
23:00:53,569 , BB4C1022		
23:00:54,880 , FD64C507		
23:00:55,507 , CC3646F3		
23:00:57,317 , 2328		
23:00:58,317 , 2328		
23:00:59,318 , 2328		
23:01:01,192 , 2328		
23:01:03,133 , 2328		
23:01:05,006 , 2328		
23:01:06,817 , 3117E0E3		
23:01:08,756 , 2328		
23:01:10,630 , 2328		
23:01:12,568 , 2328		
23:01:14,443 , 2328		
23:01:22,380 , 2328		
23:01:23,568 , 2328		
23:01:24,192 , 11B6052E		
23:01:24,695 , D9F3AA7E		
23:01:25,006 , EAD4CC6		
23:01:27,132 , 7F0760C8		
23:01:57,507 , 7F0760C8		
23:01:59,129 , 7F0760C8		
23:02:00,131 , 2328		
23:02:00,945 , 2328		
23:02:01,443 , 2328		
23:02:02,130 , 2328		
23:02:02,756 , 2328		
23:02:03,070 , 2328		
23:02:03,256 , 2328		
23:03:45,005 , 7F0760C8		
23:03:45,506 , 2328		
23:03:46,006 , 2A6A79E3		
23:04:05,818 , 860E0DEF		
23:04:12,756 , 65712173		
23:04:12,943 , 2B251277		
23:05:14,943 , 6D0DA032		
23:05:46,067 , B65BE0CA		
23:06:17,195 , B28DF28C		
23:06:48,319 , FD62CA8		
23:07:19,382 , 9A4426C6		
23:07:50,442 , 3DFF602C		
23:08:21,506 , 4723EAE6		
23:08:52,632 , 2328		
23:09:12,568 , 2328		
23:09:13,068 , 7F0760C8		
23:09:13,568 , 2328		
23:09:14,005 , 7F0760C8		
23:09:14,507 , 29A3475D		
23:09:23,695 , EC09C42F		
23:09:54,819 , 3335B008		
23:10:25,945 , 3DE2D8F		
23:10:57,005 , C3A7D79A		
23:11:28,007 , 2328		
23:13:46,381 , 2328		
23:13:47,379 , 2328		
23:13:48,006 , 7F0760C8		
23:13:48,506 , 7F0760C8		
23:13:49,818 , 7F0760C8		
23:13:50,442 , 2328		
23:13:51,006 , 2328		
23:13:51,569 , 2328		
23:13:52,130 , 2328		
23:13:52,630 , 2DD30061		
23:24:29,693 , 7F0760C8		
23:24:30,194 , 7F0760C8		
23:24:30,509 , 7F0760C8		
23:24:30,818 , 7F0760C8		
23:24:31,130 , 2328		
23:24:31,445 , 2328		
23:24:31,631 , 7F0760C8		
23:25:43,879 , 7F0760C8		
23:25:44,257 , 7CBB0B2E		
23:25:44,568 , A582222C		
23:26:56,570 , 7F0760C8		
23:26:57,069 , 2328		
23:26:57,318 , 7F0760C8		
23:26:57,507 , 7F0760C8		
23:26:57,694 , 21A24D1D		
23:26:57,942 , 2328		
23:26:58,194 , 860628B1		
23:27:01,008 , B65B7BF0		
23:27:01,757 , C7E35320		
23:27:07,820 , 7F0760C8		
23:27:16,317 , 2328		
23:27:16,630 , 7F0760C8		
23:27:16,945 , 2328		
23:27:17,131 , 2328		
23:27:17,442 , 2328		
23:27:17,694 , 2328		
23:27:17,882 , 7CBB0B2E		
23:27:18,070 , 2328		
23:27:18,317 , 2328		
23:27:18,506 , 7F0760C8		
23:27:18,694 , 7F0760C8		
23:27:18,817 , 7F0760C8		
23:27:19,130 , 7F0760C8		
23:27:19,506 , 7F0760C8		
23:27:20,132 , 7F0760C8		
23:27:20,508 , 7F0760C8		
23:27:20,756 , 2328		
23:27:21,070 , 7F0760C8		
23:27:21,132 , 2328		
23:27:21,442 , 7F0760C8		
23:27:21,567 , 7F0760C8		
23:27:21,883 , 7F0760C8		
23:27:22,255 , 7F0760C8		
23:27:22,570 , 7F0760C8		
23:27:23,007 , 7F0760C8		
23:27:23,256 , 7F0760C8		
23:27:23,568 , 7F0760C8		
23:27:23,881 , 2328		
23:27:24,505 , 2328		
23:27:25,005 , 7F0760C8		
23:27:25,317 , 7F0760C8		
23:27:25,693 , 7F0760C8		
23:27:32,819 , 7F0760C8		
23:27:33,257 , 7F0760C8		
23:27:33,506 , 7F0760C8		
23:27:33,817 , 2328		
23:27:34,130 , 2328		
23:27:34,318 , 2328		
23:27:34,631 , 7F0760C8		
23:27:35,132 , 7F0760C8		
23:27:35,694 , 7F0760C8		
23:27:36,068 , 7F0760C8		
23:27:36,381 , 2A44904E		
23:27:36,882 , 7F0760C8		
23:27:37,255 , 7F0760C8		
23:27:37,692 , 45EA3F43		
23:27:38,067 , 7F0760C8		
23:27:38,507 , 7F0760C8		
23:27:38,882 , 7F0760C8		
23:27:39,193 , 2328		
23:27:39,695 , 7F0760C8		
23:27:40,131 , 7F0760C8		
23:27:40,506 , 7F0760C8		
23:27:43,256 , 7F0760C8		
23:27:43,569 , 7F0760C8		
23:27:43,880 , 57FFEB71		
23:27:44,132 , 7F0760C8		
23:27:44,631 , 2328		
23:27:44,945 , 2328		
23:27:45,254 , 7F0760C8		
23:27:45,567 , 2328		
23:27:46,007 , 7F0760C8		
23:27:46,381 , 5EDD27		
23:27:46,819 , 7F0760C8		
23:27:47,193 , 7F0760C8		
23:28:07,318 , 2328		
23:28:07,629 , 7F0760C8		
23:28:08,320 , 7F0760C8		
23:28:08,630 , 7F0760C8		
23:28:09,005 , 7F0760C8		
23:28:09,318 , 2328		
23:28:09,756 , 7F0760C8		
23:28:10,130 , 7F0760C8		
23:28:10,757 , 7F0760C8		
23:28:11,442 , 7F0760C8		
23:28:11,883 , 2328		
23:28:16,568 , 7F0760C8		
23:28:16,756 , 7F0760C8		
23:28:17,067 , 2328		
23:28:17,321 , 7F0760C8		
23:28:17,569 , 7F0760C8		
23:28:17,881 , 7F0760C8		
23:28:18,131 , 2328		
23:28:18,443 , 2328		
23:28:18,694 , 7F0760C8		
23:28:18,943 , 7F0760C8		
23:28:19,256 , 7F0760C8		
23:28:19,507 , 7F0760C8		
23:28:19,820 , 2328		
23:28:20,132 , 7F0760C8		
23:28:20,442 , 7F0760C8		
23:28:20,880 , 7F0760C8		
23:28:21,132 , DB228A43		
23:36:52,131 , 68A9C48		
23:37:22,380 , CAFEE5B4		
23:38:11,068 , 56393EEE		
23:39:10,195 , 95823424		
23:39:41,193 , 23E17154		
23:40:12,320 , F89BF030		
23:40:43,445 , D4EE0E85		
23:41:14,568 , 43DC17F5		
23:41:45,632 , 2328		
23:42:15,257 , 7F0760C8		
23:42:15,692 , 2328		
23:42:16,005 , 7F0760C8		
23:42:16,317 , 2328		
23:42:16,507 , 7544239E		
23:42:16,692 , B0EABE27		
23:42:16,817 , 6A1CC55E		
23:42:17,005 , 9D9D46B6		
23:42:17,319 , 7F0760C8		
23:42:33,317 , 2328		
23:42:33,755 , 6D28C413		
23:42:33,819 , 2328		
23:42:33,943 , 7F0760C8		
23:42:34,257 , 7F0760C8		
23:42:34,445 , 7F0760C8		
23:42:34,756 , 2328		
23:42:35,068 , 2328		
23:42:35,381 , 7F0760C8		
23:42:35,694 , 7F0760C8		
23:42:36,007 , 2328		
23:42:36,381 , 2328		
23:42:36,630 , 2328		
23:42:36,881 , 7F0760C8		
23:42:37,193 , 7F0760C8		
23:42:37,819 , 7F0760C8		
23:42:38,319 , B9D8FCFB		
23:42:38,757 , 7F0760C8		
23:42:39,130 , 7F0760C8		
23:42:39,257 , 7F0760C8		
23:42:39,568 , 7F0760C8		
23:42:39,943 , FDAC0152		
23:44:20,756 , FEAC02E5		
23:56:15,943 , 47A1F9AA		
23:56:47,068 , 4D230645		
0:03:16,007 , 8F133155		
0:04:47,005 , 7F0760C8		
0:05:47,756 , 7F0760C8		
0:05:48,071 , 2328		
0:05:48,568 , 7F0760C8		
0:05:48,756 , 7F0760C8		
0:05:49,005 , 7F0760C8		
0:05:49,319 , 2328		
0:05:49,505 , BFB696CC		
0:05:53,694 , 24AE7D4E		
9:28:03,708 , E9E70E8D		
9:30:09,272 , 4AB0F7B5		
9:45:20,083 , E1C16A43		
9:49:20,145 , 80541134		
9:49:51,271 , F4D421AE		
9:49:52,584 , 4AB0F7B5		
9:51:23,835 , 4CB0FADF		
9:52:39,646 , 4CB0FADF		
9:53:08,772 , 4AB0F7B5		
9:55:27,335 , A1E6CCCB		
9:56:29,648 , D00772F1		
10:44:27,583 , 1E02AEC4		
10:44:37,458 , 1FDE9A94		
10:44:58,709 , B3B3BD5C		
10:45:29,772 , A960F785		
10:46:00,834 , 7FC9B190		
10:46:31,897 , 6B08C851		
10:47:03,021 , EC7483AD		
10:47:34,148 , E876C2D5		
10:48:05,272 , 55D3F44C		
10:48:36,270 , EEAE8C75		
19:30:13,320 , 3710DB3		
19:30:50,568 , 2B6FBDC3		
19:30:56,567 , 2EB8FC90		
19:31:07,257 , 4B710316		
19:31:27,692 , 5FBFD228		
19:31:32,756 , 3B44EC72		
19:32:11,193 , 125E2D93		
19:32:29,817 , 9C9F561D		
19:32:36,755 , F8FBB2DD		
19:33:00,942 , 1BA4ACD1		
19:33:07,445 , 78B8F1D9		
19:33:32,067 , ECD3C017		
19:33:40,756 , 44FDC1E3		
19:34:03,196 , 3E544343		
19:34:14,007 , 72BF3487		
19:34:34,193 , 44CF6504		
19:35:05,317 , A87F9F88		
19:35:07,694 , A2409F48		
19:35:36,444 , B13F0CDD		
19:35:41,067 , E65E6ED0		
19:36:07,568 , A9ADE206		
19:36:14,382 , 51660D9E		
19:36:38,693 , 67329BF1		
19:37:08,068 , 1F881C43		
19:37:40,818 , 42CD1FF		
19:38:11,944 , BA7349B		
19:38:14,630 , A2604A12		
19:38:42,943 , A7DA4650		
19:39:07,068 , B1163722		
19:39:45,195 , 304AFAA0		
19:40:14,819 , 9D644BBB		
19:40:47,444 , A73A568		
19:41:08,757 , 6AD2E75F		
19:41:49,568 , C60D40DF		
19:42:15,130 , DC456B8F		
19:42:44,757 , D913D4E8		
19:43:17,881 , F8564A6E		
19:43:52,507 , B6C144EF		
19:44:25,069 , 9D800C6		
19:44:56,130 , D90BE572		
19:45:27,256 , E6DC9F12		
19:45:58,380 , 19D133A3		
19:46:29,382 , F20732E7		
19:47:00,507 , 22A8E4B		
19:47:31,631 , DB7AC9A5		
19:48:02,757 , D586E7B0		
19:48:33,880 , ECDEFC92		
19:49:04,943 , 583FF584		
19:49:36,005 , B16DB557		
19:50:07,069 , 438ECD56		
19:50:38,192 , 75B37603		
19:51:09,317 , 3F8AB2AC		
19:51:40,444 , B4E771E3		
19:52:11,571 , 61A4CE51		
19:52:42,571 , FFAC707B		
19:53:13,696 , B805280A		
19:53:44,756 , FD837C60		
19:54:15,882 , C7752F97		
19:54:47,007 , D76579CF		
19:55:18,006 , 485DDCBE		
19:55:49,130 , C6D93168		
19:56:20,256 , 3C173F9A		
19:56:51,381 , 56EF0192		
19:57:22,443 , 4182A0F9		
19:57:53,506 , F41CF451		
19:58:24,568 , D10210DF		
19:58:55,692 , 9022FD7		
19:59:26,819 , C8F08CAD		
19:59:57,945 , 94E704B9		
20:00:28,943 , FBC09C5A		
20:01:00,068 , CF5E47F5		
20:01:31,193 , 39FDDB74		
20:01:46,695 , 300626		
20:02:18,318 , B23CC834		
20:02:49,507 , CB9F1E0		
20:03:20,506 , 4ADBC3B5		
20:03:51,631 , 3AB2D860		
20:04:22,756 , 3EAB92EE		
20:04:53,879 , 7C537E00		
20:05:25,007 , 392CB0A4		
20:05:56,005 , 8A5224F6		
20:06:27,131 , 6685ADD7		
20:06:58,195 , F790AF35		
20:07:29,317 , E77AB		
20:08:00,443 , 5C2776C9		
20:08:31,444 , 76EEFD0D		
20:09:02,571 , F71FAED		
20:09:33,693 , 87F315B7		
20:10:04,817 , 1A8F7D58		
20:10:35,880 , CF9572AF		
20:11:06,944 , 235F97FC		
20:11:38,006 , 9F952CB1		
20:12:09,133 , FD64E34D		
20:12:40,255 , 5B870DD3		
20:13:11,381 , 98A943E5		
20:13:42,380 , DB8C6B0B		
20:14:13,506 , 5333B2C3		
20:14:44,630 , E13C1B8B		
20:15:15,757 , 2A8B1B50		
20:15:46,821 , C339C8A3		
20:16:17,945 , 4883CC36		
20:16:48,942 , 8F46EB2C		
20:16:59,569 , 1BEB1931		
20:17:40,567 , 1C6137A1		
20:18:11,632 , D9375FC6		
20:18:42,696 , BD0184B9		
20:19:13,819 , 9E181D19		
20:19:44,944 , 30D647D7		
20:20:16,070 , 2878F2B3		
20:20:47,071 , 5C3A079D		
20:21:18,193 , D1AACFFF		
20:21:21,880 , 44B2F9D5		
20:22:09,882 , B2E38AF		
20:22:41,006 , 8DE32F71		
20:23:03,943 , 99087B0		
20:23:55,258 , BEC39F31		
20:24:04,881 , E2848FE2		
20:28:23,943 , E57D9E9E		
20:28:55,068 , B708E187		
20:29:26,068 , 73FBC49A		
20:29:57,193 , E9E70E8D		
20:30:39,381 , FEAC02E5		
20:31:01,631 , 76AF70CA		
20:31:32,630 , 9263720		
20:31:43,818 , 4FD3221A		
20:31:44,443 , 7B63FE10		
20:32:14,819 , 4F97FE47		
20:32:38,757 , 78141200		
20:33:36,067 , 74DD9866		
20:34:02,007 , 2D08B6FA		
20:41:30,382 , EC0E55A4		
20:41:41,380 , F3CBB293		
20:42:43,508 , F3EAEB55		
20:43:14,631 , D370D115		
20:43:45,695 , 4CB0FADC		
20:43:49,507 , 1D2F0E70		
20:44:16,818 , 3BDD4F03		
20:44:31,755 , A32325D5		
20:45:19,068 , 22AE7A29		
20:45:50,194 , 633D6CC3		
20:46:52,381 , 7F7C5518		
20:47:54,631 , AB23091		
20:48:25,632 , FE15A079		
20:48:56,757 , EC0E55A7		
20:50:00,693 , 1DD77B65		
20:50:28,881 , 23DD33FB		
20:51:01,193 , FEAC02E7		
20:51:32,193 , 69DBBC3D		
20:52:03,443 , 9B5995F6		
20:54:07,756 , FCABFFBE		
20:54:38,882 , D7AFA09E		
20:55:10,007 , 9A2D8244		
20:55:41,005 , 77DF9F50		
20:56:43,257 , 6FB84EC5		
20:57:45,442 , 1C295B01		
20:59:18,693 , 4653674E		
20:59:49,817 , 4CB0FADF		
21:00:20,881 , DD237CE8		
21:00:52,006 , 25648076		
21:01:23,006 , 7E2333AB		
21:01:54,132 , 43CC74DF		
21:02:25,256 , 4CD0391A		
21:03:27,506 , 6A19A4D3		
21:05:00,694 , EE8290ED		
21:05:31,821 , 189A6A2F		
21:06:02,945 , B2AB300A		
21:06:34,069 , C0AFCBBC		
21:07:05,069 , 462BACE4		
21:07:36,193 , 79A114D3		
21:08:07,317 , A42C9871		
21:08:38,381 , 2C0A4CDD		
21:09:09,507 , FDD8DE59		
21:09:40,631 , 4B61D9C1		
21:10:11,756 , AEA1B0A8		
21:11:13,880 , 8AAA964		
21:11:45,006 , FE9804B0		
21:12:16,069 , F6691F12		
21:12:47,195 , 4CB0FADF		
21:13:18,194 , 6819A1A9		
21:13:49,317 , A1222E22		
21:14:20,442 , F0773995		
21:14:51,569 , 901C1F38		
21:15:22,631 , 9BC8E0A3		
21:15:53,757 , D364B26		
21:16:24,758 , 82AC2F3A		
21:16:55,881 , 631A56B5		
21:17:27,005 , 4CD0391A		
21:18:29,255 , 7FBF6F56		
21:19:00,319 , 2662AB49		
21:20:02,442 , 2E0990C9		
21:21:04,695 , 75DF9C2C		
21:21:35,818 , 22AE7A2A		
21:22:06,817 , E9E70E8D		
21:23:09,006 , CDE870EE		
21:23:40,133 , 4AB0F7B6		
21:24:42,380 , BD6F6989		
21:25:13,506 , 6AB0FD68		
21:25:44,506 , 1F2F1194		
21:26:15,631 , 4CB0FADC		
21:26:46,695 , 73D189CD		
21:27:17,818 , F164F14A		
21:27:48,943 , 4AB0F7B5		
21:28:51,068 , 9926EE20		
21:29:53,318 , 992A31C8		
21:30:24,379 , 2EB62D97		
21:30:55,506 , 30D19B7E		
21:31:26,506 , 65D873F4		
21:31:48,318 , FDAC0152		
21:32:28,755 , CEE87280		
21:32:59,881 , A7E5F685		
21:33:31,006 , 24AE7D4C		
21:34:02,068 , 7F0760C8		
21:34:49,692 , 63B21948		
21:34:49,819 , 7F0760C8		
21:34:50,130 , 7F0760C8		
21:34:50,443 , 7F0760C8		
21:34:50,630 , 7F0760C8		
21:34:51,630 , 7F0760C8		
21:34:51,817 , 58B595CD		
21:35:04,256 , 		
-----------------------------------------------		
Date: 11/1/2017 - 9:35:23 PM		
End log file		
